{"C:\\Users\\LangTecnologia\\Documents\\node\\final project\\clothingStore\\controllers\\cartController.js": {"path":"C:\\Users\\LangTecnologia\\Documents\\node\\final project\\clothingStore\\controllers\\cartController.js","statementMap":{"0":{"start":{"line":1,"column":23},"end":{"line":1,"column":64}},"1":{"start":{"line":2,"column":23},"end":{"line":2,"column":64}},"2":{"start":{"line":4,"column":0},"end":{"line":26,"column":1}},"3":{"start":{"line":5,"column":4},"end":{"line":25,"column":5}},"4":{"start":{"line":6,"column":23},"end":{"line":6,"column":40}},"5":{"start":{"line":8,"column":8},"end":{"line":11,"column":9}},"6":{"start":{"line":9,"column":12},"end":{"line":9,"column":84}},"7":{"start":{"line":10,"column":12},"end":{"line":10,"column":19}},"8":{"start":{"line":13,"column":21},"end":{"line":13,"column":57}},"9":{"start":{"line":14,"column":8},"end":{"line":17,"column":9}},"10":{"start":{"line":15,"column":12},"end":{"line":15,"column":80}},"11":{"start":{"line":16,"column":12},"end":{"line":16,"column":19}},"12":{"start":{"line":19,"column":23},"end":{"line":19,"column":58}},"13":{"start":{"line":21,"column":8},"end":{"line":21,"column":63}},"14":{"start":{"line":23,"column":8},"end":{"line":23,"column":29}},"15":{"start":{"line":24,"column":8},"end":{"line":24,"column":78}},"16":{"start":{"line":28,"column":0},"end":{"line":51,"column":1}},"17":{"start":{"line":29,"column":4},"end":{"line":50,"column":5}},"18":{"start":{"line":30,"column":23},"end":{"line":30,"column":40}},"19":{"start":{"line":31,"column":28},"end":{"line":31,"column":36}},"20":{"start":{"line":33,"column":21},"end":{"line":33,"column":95}},"21":{"start":{"line":35,"column":8},"end":{"line":38,"column":9}},"22":{"start":{"line":36,"column":12},"end":{"line":36,"column":80}},"23":{"start":{"line":37,"column":12},"end":{"line":37,"column":19}},"24":{"start":{"line":40,"column":26},"end":{"line":40,"column":47}},"25":{"start":{"line":41,"column":24},"end":{"line":41,"column":43}},"26":{"start":{"line":43,"column":8},"end":{"line":43,"column":68}},"27":{"start":{"line":45,"column":28},"end":{"line":45,"column":69}},"28":{"start":{"line":46,"column":8},"end":{"line":46,"column":42}},"29":{"start":{"line":48,"column":8},"end":{"line":48,"column":29}},"30":{"start":{"line":49,"column":8},"end":{"line":49,"column":73}},"31":{"start":{"line":53,"column":0},"end":{"line":74,"column":1}},"32":{"start":{"line":54,"column":4},"end":{"line":73,"column":5}},"33":{"start":{"line":55,"column":23},"end":{"line":55,"column":40}},"34":{"start":{"line":56,"column":21},"end":{"line":56,"column":95}},"35":{"start":{"line":58,"column":8},"end":{"line":61,"column":9}},"36":{"start":{"line":59,"column":12},"end":{"line":59,"column":80}},"37":{"start":{"line":60,"column":12},"end":{"line":60,"column":19}},"38":{"start":{"line":63,"column":28},"end":{"line":63,"column":69}},"39":{"start":{"line":65,"column":8},"end":{"line":69,"column":13}},"40":{"start":{"line":71,"column":8},"end":{"line":71,"column":29}},"41":{"start":{"line":72,"column":8},"end":{"line":72,"column":71}},"42":{"start":{"line":76,"column":0},"end":{"line":92,"column":1}},"43":{"start":{"line":77,"column":4},"end":{"line":91,"column":5}},"44":{"start":{"line":78,"column":23},"end":{"line":78,"column":40}},"45":{"start":{"line":79,"column":21},"end":{"line":79,"column":95}},"46":{"start":{"line":81,"column":8},"end":{"line":84,"column":9}},"47":{"start":{"line":82,"column":12},"end":{"line":82,"column":80}},"48":{"start":{"line":83,"column":12},"end":{"line":83,"column":19}},"49":{"start":{"line":85,"column":8},"end":{"line":85,"column":44}},"50":{"start":{"line":87,"column":8},"end":{"line":87,"column":31}},"51":{"start":{"line":89,"column":8},"end":{"line":89,"column":29}},"52":{"start":{"line":90,"column":8},"end":{"line":90,"column":63}},"53":{"start":{"line":94,"column":0},"end":{"line":111,"column":1}},"54":{"start":{"line":95,"column":4},"end":{"line":110,"column":5}},"55":{"start":{"line":96,"column":23},"end":{"line":96,"column":40}},"56":{"start":{"line":97,"column":21},"end":{"line":97,"column":95}},"57":{"start":{"line":99,"column":8},"end":{"line":102,"column":9}},"58":{"start":{"line":100,"column":12},"end":{"line":100,"column":80}},"59":{"start":{"line":101,"column":12},"end":{"line":101,"column":19}},"60":{"start":{"line":104,"column":8},"end":{"line":104,"column":41}},"61":{"start":{"line":106,"column":8},"end":{"line":106,"column":31}},"62":{"start":{"line":108,"column":8},"end":{"line":108,"column":29}},"63":{"start":{"line":109,"column":8},"end":{"line":109,"column":61}}},"fnMap":{"0":{"name":"(anonymous_0)","decl":{"start":{"line":4,"column":28},"end":{"line":4,"column":29}},"loc":{"start":{"line":4,"column":48},"end":{"line":26,"column":1}},"line":4},"1":{"name":"(anonymous_1)","decl":{"start":{"line":28,"column":28},"end":{"line":28,"column":29}},"loc":{"start":{"line":28,"column":48},"end":{"line":51,"column":1}},"line":28},"2":{"name":"(anonymous_2)","decl":{"start":{"line":53,"column":25},"end":{"line":53,"column":26}},"loc":{"start":{"line":53,"column":45},"end":{"line":74,"column":1}},"line":53},"3":{"name":"(anonymous_3)","decl":{"start":{"line":76,"column":28},"end":{"line":76,"column":29}},"loc":{"start":{"line":76,"column":48},"end":{"line":92,"column":1}},"line":76},"4":{"name":"(anonymous_4)","decl":{"start":{"line":94,"column":25},"end":{"line":94,"column":26}},"loc":{"start":{"line":94,"column":45},"end":{"line":111,"column":1}},"line":94}},"branchMap":{"0":{"loc":{"start":{"line":8,"column":8},"end":{"line":11,"column":9}},"type":"if","locations":[{"start":{"line":8,"column":8},"end":{"line":11,"column":9}},{"start":{},"end":{}}],"line":8},"1":{"loc":{"start":{"line":8,"column":12},"end":{"line":8,"column":73}},"type":"binary-expr","locations":[{"start":{"line":8,"column":12},"end":{"line":8,"column":40}},{"start":{"line":8,"column":44},"end":{"line":8,"column":73}}],"line":8},"2":{"loc":{"start":{"line":14,"column":8},"end":{"line":17,"column":9}},"type":"if","locations":[{"start":{"line":14,"column":8},"end":{"line":17,"column":9}},{"start":{},"end":{}}],"line":14},"3":{"loc":{"start":{"line":35,"column":8},"end":{"line":38,"column":9}},"type":"if","locations":[{"start":{"line":35,"column":8},"end":{"line":38,"column":9}},{"start":{},"end":{}}],"line":35},"4":{"loc":{"start":{"line":58,"column":8},"end":{"line":61,"column":9}},"type":"if","locations":[{"start":{"line":58,"column":8},"end":{"line":61,"column":9}},{"start":{},"end":{}}],"line":58},"5":{"loc":{"start":{"line":81,"column":8},"end":{"line":84,"column":9}},"type":"if","locations":[{"start":{"line":81,"column":8},"end":{"line":84,"column":9}},{"start":{},"end":{}}],"line":81},"6":{"loc":{"start":{"line":99,"column":8},"end":{"line":102,"column":9}},"type":"if","locations":[{"start":{"line":99,"column":8},"end":{"line":102,"column":9}},{"start":{},"end":{}}],"line":99}},"s":{"0":5,"1":5,"2":5,"3":4,"4":4,"5":4,"6":1,"7":1,"8":3,"9":2,"10":1,"11":1,"12":1,"13":1,"14":1,"15":1,"16":5,"17":3,"18":3,"19":3,"20":3,"21":2,"22":1,"23":1,"24":1,"25":1,"26":1,"27":1,"28":1,"29":1,"30":1,"31":5,"32":3,"33":3,"34":3,"35":2,"36":1,"37":1,"38":1,"39":1,"40":1,"41":1,"42":5,"43":3,"44":3,"45":3,"46":2,"47":1,"48":1,"49":1,"50":1,"51":1,"52":1,"53":5,"54":3,"55":3,"56":3,"57":2,"58":1,"59":1,"60":1,"61":1,"62":1,"63":1},"f":{"0":4,"1":3,"2":3,"3":3,"4":3},"b":{"0":[1,3],"1":[4,1],"2":[1,1],"3":[1,1],"4":[1,1],"5":[1,1],"6":[1,1]},"_coverageSchema":"1a1c01bbd47fc00a2c39e90264f33305004495a9","hash":"50bd6be1f1d426445ca517692c4c4ff88aec3f06"}
,"C:\\Users\\LangTecnologia\\Documents\\node\\final project\\clothingStore\\controllers\\categoryController.js": {"path":"C:\\Users\\LangTecnologia\\Documents\\node\\final project\\clothingStore\\controllers\\categoryController.js","statementMap":{"0":{"start":{"line":1,"column":27},"end":{"line":1,"column":72}},"1":{"start":{"line":3,"column":0},"end":{"line":11,"column":1}},"2":{"start":{"line":4,"column":4},"end":{"line":10,"column":5}},"3":{"start":{"line":5,"column":27},"end":{"line":5,"column":60}},"4":{"start":{"line":6,"column":8},"end":{"line":6,"column":41}},"5":{"start":{"line":8,"column":8},"end":{"line":8,"column":29}},"6":{"start":{"line":9,"column":8},"end":{"line":9,"column":69}},"7":{"start":{"line":13,"column":0},"end":{"line":27,"column":1}},"8":{"start":{"line":14,"column":4},"end":{"line":26,"column":5}},"9":{"start":{"line":15,"column":27},"end":{"line":15,"column":48}},"10":{"start":{"line":16,"column":25},"end":{"line":16,"column":69}},"11":{"start":{"line":18,"column":8},"end":{"line":21,"column":9}},"12":{"start":{"line":19,"column":12},"end":{"line":19,"column":88}},"13":{"start":{"line":20,"column":12},"end":{"line":20,"column":19}},"14":{"start":{"line":22,"column":8},"end":{"line":22,"column":39}},"15":{"start":{"line":24,"column":8},"end":{"line":24,"column":29}},"16":{"start":{"line":25,"column":8},"end":{"line":25,"column":67}},"17":{"start":{"line":29,"column":0},"end":{"line":55,"column":1}},"18":{"start":{"line":30,"column":4},"end":{"line":54,"column":5}},"19":{"start":{"line":32,"column":8},"end":{"line":35,"column":9}},"20":{"start":{"line":33,"column":12},"end":{"line":33,"column":84}},"21":{"start":{"line":34,"column":12},"end":{"line":34,"column":19}},"22":{"start":{"line":37,"column":28},"end":{"line":37,"column":48}},"23":{"start":{"line":38,"column":8},"end":{"line":41,"column":9}},"24":{"start":{"line":39,"column":12},"end":{"line":39,"column":82}},"25":{"start":{"line":40,"column":12},"end":{"line":40,"column":19}},"26":{"start":{"line":43,"column":36},"end":{"line":43,"column":90}},"27":{"start":{"line":44,"column":8},"end":{"line":47,"column":9}},"28":{"start":{"line":45,"column":12},"end":{"line":45,"column":86}},"29":{"start":{"line":46,"column":12},"end":{"line":46,"column":19}},"30":{"start":{"line":49,"column":28},"end":{"line":49,"column":72}},"31":{"start":{"line":50,"column":8},"end":{"line":50,"column":42}},"32":{"start":{"line":52,"column":8},"end":{"line":52,"column":29}},"33":{"start":{"line":53,"column":8},"end":{"line":53,"column":67}},"34":{"start":{"line":57,"column":0},"end":{"line":78,"column":1}},"35":{"start":{"line":58,"column":4},"end":{"line":77,"column":5}},"36":{"start":{"line":59,"column":8},"end":{"line":62,"column":9}},"37":{"start":{"line":60,"column":12},"end":{"line":60,"column":84}},"38":{"start":{"line":61,"column":12},"end":{"line":61,"column":19}},"39":{"start":{"line":64,"column":27},"end":{"line":64,"column":48}},"40":{"start":{"line":65,"column":25},"end":{"line":65,"column":69}},"41":{"start":{"line":67,"column":8},"end":{"line":70,"column":9}},"42":{"start":{"line":68,"column":12},"end":{"line":68,"column":88}},"43":{"start":{"line":69,"column":12},"end":{"line":69,"column":19}},"44":{"start":{"line":72,"column":8},"end":{"line":72,"column":52}},"45":{"start":{"line":73,"column":8},"end":{"line":73,"column":31}},"46":{"start":{"line":75,"column":8},"end":{"line":75,"column":29}},"47":{"start":{"line":76,"column":8},"end":{"line":76,"column":67}}},"fnMap":{"0":{"name":"(anonymous_0)","decl":{"start":{"line":3,"column":31},"end":{"line":3,"column":32}},"loc":{"start":{"line":3,"column":51},"end":{"line":11,"column":1}},"line":3},"1":{"name":"(anonymous_1)","decl":{"start":{"line":13,"column":29},"end":{"line":13,"column":30}},"loc":{"start":{"line":13,"column":49},"end":{"line":27,"column":1}},"line":13},"2":{"name":"(anonymous_2)","decl":{"start":{"line":29,"column":24},"end":{"line":29,"column":25}},"loc":{"start":{"line":29,"column":44},"end":{"line":55,"column":1}},"line":29},"3":{"name":"(anonymous_3)","decl":{"start":{"line":57,"column":24},"end":{"line":57,"column":25}},"loc":{"start":{"line":57,"column":44},"end":{"line":78,"column":1}},"line":57}},"branchMap":{"0":{"loc":{"start":{"line":18,"column":8},"end":{"line":21,"column":9}},"type":"if","locations":[{"start":{"line":18,"column":8},"end":{"line":21,"column":9}},{"start":{},"end":{}}],"line":18},"1":{"loc":{"start":{"line":32,"column":8},"end":{"line":35,"column":9}},"type":"if","locations":[{"start":{"line":32,"column":8},"end":{"line":35,"column":9}},{"start":{},"end":{}}],"line":32},"2":{"loc":{"start":{"line":38,"column":8},"end":{"line":41,"column":9}},"type":"if","locations":[{"start":{"line":38,"column":8},"end":{"line":41,"column":9}},{"start":{},"end":{}}],"line":38},"3":{"loc":{"start":{"line":44,"column":8},"end":{"line":47,"column":9}},"type":"if","locations":[{"start":{"line":44,"column":8},"end":{"line":47,"column":9}},{"start":{},"end":{}}],"line":44},"4":{"loc":{"start":{"line":59,"column":8},"end":{"line":62,"column":9}},"type":"if","locations":[{"start":{"line":59,"column":8},"end":{"line":62,"column":9}},{"start":{},"end":{}}],"line":59},"5":{"loc":{"start":{"line":67,"column":8},"end":{"line":70,"column":9}},"type":"if","locations":[{"start":{"line":67,"column":8},"end":{"line":70,"column":9}},{"start":{},"end":{}}],"line":67}},"s":{"0":4,"1":4,"2":2,"3":2,"4":1,"5":1,"6":1,"7":4,"8":3,"9":3,"10":3,"11":2,"12":1,"13":1,"14":1,"15":1,"16":1,"17":4,"18":5,"19":5,"20":1,"21":1,"22":4,"23":4,"24":1,"25":1,"26":3,"27":3,"28":1,"29":1,"30":2,"31":1,"32":1,"33":1,"34":4,"35":4,"36":4,"37":1,"38":1,"39":3,"40":3,"41":3,"42":1,"43":1,"44":2,"45":1,"46":1,"47":1},"f":{"0":2,"1":3,"2":5,"3":4},"b":{"0":[1,1],"1":[1,4],"2":[1,3],"3":[1,2],"4":[1,3],"5":[1,2]},"_coverageSchema":"1a1c01bbd47fc00a2c39e90264f33305004495a9","hash":"1fe2f085b21c7ed253d4c4a9d319aca0f7245ff5"}
,"C:\\Users\\LangTecnologia\\Documents\\node\\final project\\clothingStore\\controllers\\productController.js": {"path":"C:\\Users\\LangTecnologia\\Documents\\node\\final project\\clothingStore\\controllers\\productController.js","statementMap":{"0":{"start":{"line":1,"column":26},"end":{"line":1,"column":70}},"1":{"start":{"line":2,"column":32},"end":{"line":2,"column":82}},"2":{"start":{"line":4,"column":0},"end":{"line":14,"column":1}},"3":{"start":{"line":5,"column":4},"end":{"line":13,"column":5}},"4":{"start":{"line":7,"column":25},"end":{"line":7,"column":66}},"5":{"start":{"line":9,"column":8},"end":{"line":9,"column":60}},"6":{"start":{"line":11,"column":8},"end":{"line":11,"column":29}},"7":{"start":{"line":12,"column":8},"end":{"line":12,"column":66}},"8":{"start":{"line":16,"column":0},"end":{"line":31,"column":1}},"9":{"start":{"line":17,"column":4},"end":{"line":30,"column":5}},"10":{"start":{"line":18,"column":26},"end":{"line":18,"column":46}},"11":{"start":{"line":20,"column":24},"end":{"line":20,"column":66}},"12":{"start":{"line":22,"column":8},"end":{"line":26,"column":9}},"13":{"start":{"line":23,"column":12},"end":{"line":23,"column":86}},"14":{"start":{"line":25,"column":12},"end":{"line":25,"column":63}},"15":{"start":{"line":28,"column":8},"end":{"line":28,"column":56}},"16":{"start":{"line":29,"column":8},"end":{"line":29,"column":66}},"17":{"start":{"line":33,"column":0},"end":{"line":58,"column":1}},"18":{"start":{"line":34,"column":4},"end":{"line":57,"column":5}},"19":{"start":{"line":36,"column":8},"end":{"line":39,"column":9}},"20":{"start":{"line":37,"column":12},"end":{"line":37,"column":84}},"21":{"start":{"line":38,"column":12},"end":{"line":38,"column":19}},"22":{"start":{"line":41,"column":26},"end":{"line":41,"column":46}},"23":{"start":{"line":43,"column":24},"end":{"line":43,"column":66}},"24":{"start":{"line":45,"column":8},"end":{"line":48,"column":9}},"25":{"start":{"line":46,"column":12},"end":{"line":46,"column":86}},"26":{"start":{"line":47,"column":12},"end":{"line":47,"column":19}},"27":{"start":{"line":50,"column":8},"end":{"line":50,"column":60}},"28":{"start":{"line":52,"column":8},"end":{"line":52,"column":74}},"29":{"start":{"line":55,"column":8},"end":{"line":55,"column":29}},"30":{"start":{"line":56,"column":8},"end":{"line":56,"column":66}},"31":{"start":{"line":60,"column":0},"end":{"line":81,"column":1}},"32":{"start":{"line":61,"column":4},"end":{"line":80,"column":5}},"33":{"start":{"line":63,"column":8},"end":{"line":66,"column":9}},"34":{"start":{"line":64,"column":12},"end":{"line":64,"column":84}},"35":{"start":{"line":65,"column":12},"end":{"line":65,"column":19}},"36":{"start":{"line":68,"column":36},"end":{"line":68,"column":44}},"37":{"start":{"line":70,"column":8},"end":{"line":73,"column":9}},"38":{"start":{"line":71,"column":12},"end":{"line":71,"column":90}},"39":{"start":{"line":72,"column":12},"end":{"line":72,"column":19}},"40":{"start":{"line":74,"column":24},"end":{"line":74,"column":71}},"41":{"start":{"line":75,"column":8},"end":{"line":75,"column":59}},"42":{"start":{"line":78,"column":8},"end":{"line":78,"column":29}},"43":{"start":{"line":79,"column":8},"end":{"line":79,"column":66}},"44":{"start":{"line":83,"column":0},"end":{"line":106,"column":1}},"45":{"start":{"line":84,"column":4},"end":{"line":105,"column":5}},"46":{"start":{"line":86,"column":8},"end":{"line":89,"column":9}},"47":{"start":{"line":87,"column":12},"end":{"line":87,"column":84}},"48":{"start":{"line":88,"column":12},"end":{"line":88,"column":19}},"49":{"start":{"line":91,"column":26},"end":{"line":91,"column":46}},"50":{"start":{"line":93,"column":24},"end":{"line":93,"column":66}},"51":{"start":{"line":95,"column":8},"end":{"line":98,"column":9}},"52":{"start":{"line":96,"column":12},"end":{"line":96,"column":86}},"53":{"start":{"line":97,"column":12},"end":{"line":97,"column":19}},"54":{"start":{"line":100,"column":8},"end":{"line":100,"column":50}},"55":{"start":{"line":101,"column":8},"end":{"line":101,"column":97}},"56":{"start":{"line":103,"column":8},"end":{"line":103,"column":29}},"57":{"start":{"line":104,"column":8},"end":{"line":104,"column":66}},"58":{"start":{"line":108,"column":0},"end":{"line":134,"column":1}},"59":{"start":{"line":109,"column":4},"end":{"line":133,"column":5}},"60":{"start":{"line":111,"column":8},"end":{"line":114,"column":9}},"61":{"start":{"line":112,"column":12},"end":{"line":112,"column":84}},"62":{"start":{"line":113,"column":12},"end":{"line":113,"column":19}},"63":{"start":{"line":116,"column":26},"end":{"line":116,"column":46}},"64":{"start":{"line":117,"column":24},"end":{"line":117,"column":32}},"65":{"start":{"line":119,"column":24},"end":{"line":119,"column":66}},"66":{"start":{"line":120,"column":8},"end":{"line":123,"column":9}},"67":{"start":{"line":121,"column":12},"end":{"line":121,"column":86}},"68":{"start":{"line":122,"column":12},"end":{"line":122,"column":19}},"69":{"start":{"line":125,"column":8},"end":{"line":125,"column":65}},"70":{"start":{"line":126,"column":31},"end":{"line":126,"column":73}},"71":{"start":{"line":128,"column":8},"end":{"line":128,"column":66}},"72":{"start":{"line":131,"column":8},"end":{"line":131,"column":29}},"73":{"start":{"line":132,"column":8},"end":{"line":132,"column":79}},"74":{"start":{"line":136,"column":0},"end":{"line":162,"column":1}},"75":{"start":{"line":137,"column":4},"end":{"line":161,"column":5}},"76":{"start":{"line":139,"column":8},"end":{"line":142,"column":9}},"77":{"start":{"line":140,"column":12},"end":{"line":140,"column":84}},"78":{"start":{"line":141,"column":12},"end":{"line":141,"column":19}},"79":{"start":{"line":144,"column":26},"end":{"line":144,"column":46}},"80":{"start":{"line":145,"column":22},"end":{"line":145,"column":38}},"81":{"start":{"line":146,"column":21},"end":{"line":146,"column":35}},"82":{"start":{"line":148,"column":24},"end":{"line":148,"column":66}},"83":{"start":{"line":150,"column":8},"end":{"line":153,"column":9}},"84":{"start":{"line":151,"column":12},"end":{"line":151,"column":86}},"85":{"start":{"line":152,"column":12},"end":{"line":152,"column":19}},"86":{"start":{"line":155,"column":8},"end":{"line":155,"column":69}},"87":{"start":{"line":156,"column":8},"end":{"line":156,"column":90}},"88":{"start":{"line":159,"column":8},"end":{"line":159,"column":72}},"89":{"start":{"line":160,"column":8},"end":{"line":160,"column":82}},"90":{"start":{"line":164,"column":0},"end":{"line":199,"column":1}},"91":{"start":{"line":165,"column":17},"end":{"line":165,"column":26}},"92":{"start":{"line":167,"column":4},"end":{"line":169,"column":5}},"93":{"start":{"line":168,"column":8},"end":{"line":168,"column":30}},"94":{"start":{"line":171,"column":4},"end":{"line":196,"column":7}},"95":{"start":{"line":172,"column":8},"end":{"line":172,"column":23}},"96":{"start":{"line":174,"column":8},"end":{"line":183,"column":9}},"97":{"start":{"line":175,"column":12},"end":{"line":175,"column":55}},"98":{"start":{"line":177,"column":12},"end":{"line":182,"column":14}},"99":{"start":{"line":185,"column":8},"end":{"line":187,"column":9}},"100":{"start":{"line":186,"column":12},"end":{"line":186,"column":54}},"101":{"start":{"line":189,"column":8},"end":{"line":194,"column":9}},"102":{"start":{"line":190,"column":12},"end":{"line":192,"column":13}},"103":{"start":{"line":191,"column":16},"end":{"line":191,"column":54}},"104":{"start":{"line":193,"column":12},"end":{"line":193,"column":75}},"105":{"start":{"line":195,"column":8},"end":{"line":195,"column":50}},"106":{"start":{"line":198,"column":4},"end":{"line":198,"column":39}}},"fnMap":{"0":{"name":"(anonymous_0)","decl":{"start":{"line":4,"column":29},"end":{"line":4,"column":30}},"loc":{"start":{"line":4,"column":49},"end":{"line":14,"column":1}},"line":4},"1":{"name":"(anonymous_1)","decl":{"start":{"line":16,"column":28},"end":{"line":16,"column":29}},"loc":{"start":{"line":16,"column":48},"end":{"line":31,"column":1}},"line":16},"2":{"name":"(anonymous_2)","decl":{"start":{"line":33,"column":31},"end":{"line":33,"column":32}},"loc":{"start":{"line":33,"column":51},"end":{"line":58,"column":1}},"line":33},"3":{"name":"(anonymous_3)","decl":{"start":{"line":60,"column":31},"end":{"line":60,"column":32}},"loc":{"start":{"line":60,"column":51},"end":{"line":81,"column":1}},"line":60},"4":{"name":"(anonymous_4)","decl":{"start":{"line":83,"column":31},"end":{"line":83,"column":32}},"loc":{"start":{"line":83,"column":51},"end":{"line":106,"column":1}},"line":83},"5":{"name":"(anonymous_5)","decl":{"start":{"line":108,"column":30},"end":{"line":108,"column":31}},"loc":{"start":{"line":108,"column":50},"end":{"line":134,"column":1}},"line":108},"6":{"name":"(anonymous_6)","decl":{"start":{"line":136,"column":30},"end":{"line":136,"column":31}},"loc":{"start":{"line":136,"column":50},"end":{"line":162,"column":1}},"line":136},"7":{"name":"(anonymous_7)","decl":{"start":{"line":164,"column":32},"end":{"line":164,"column":33}},"loc":{"start":{"line":164,"column":46},"end":{"line":199,"column":1}},"line":164},"8":{"name":"(anonymous_8)","decl":{"start":{"line":171,"column":21},"end":{"line":171,"column":22}},"loc":{"start":{"line":171,"column":32},"end":{"line":196,"column":5}},"line":171}},"branchMap":{"0":{"loc":{"start":{"line":22,"column":8},"end":{"line":26,"column":9}},"type":"if","locations":[{"start":{"line":22,"column":8},"end":{"line":26,"column":9}},{"start":{"line":24,"column":15},"end":{"line":26,"column":9}}],"line":22},"1":{"loc":{"start":{"line":36,"column":8},"end":{"line":39,"column":9}},"type":"if","locations":[{"start":{"line":36,"column":8},"end":{"line":39,"column":9}},{"start":{},"end":{}}],"line":36},"2":{"loc":{"start":{"line":45,"column":8},"end":{"line":48,"column":9}},"type":"if","locations":[{"start":{"line":45,"column":8},"end":{"line":48,"column":9}},{"start":{},"end":{}}],"line":45},"3":{"loc":{"start":{"line":63,"column":8},"end":{"line":66,"column":9}},"type":"if","locations":[{"start":{"line":63,"column":8},"end":{"line":66,"column":9}},{"start":{},"end":{}}],"line":63},"4":{"loc":{"start":{"line":70,"column":8},"end":{"line":73,"column":9}},"type":"if","locations":[{"start":{"line":70,"column":8},"end":{"line":73,"column":9}},{"start":{},"end":{}}],"line":70},"5":{"loc":{"start":{"line":70,"column":12},"end":{"line":70,"column":84}},"type":"binary-expr","locations":[{"start":{"line":70,"column":12},"end":{"line":70,"column":21}},{"start":{"line":70,"column":25},"end":{"line":70,"column":49}},{"start":{"line":70,"column":53},"end":{"line":70,"column":74}},{"start":{"line":70,"column":78},"end":{"line":70,"column":84}}],"line":70},"6":{"loc":{"start":{"line":86,"column":8},"end":{"line":89,"column":9}},"type":"if","locations":[{"start":{"line":86,"column":8},"end":{"line":89,"column":9}},{"start":{},"end":{}}],"line":86},"7":{"loc":{"start":{"line":95,"column":8},"end":{"line":98,"column":9}},"type":"if","locations":[{"start":{"line":95,"column":8},"end":{"line":98,"column":9}},{"start":{},"end":{}}],"line":95},"8":{"loc":{"start":{"line":111,"column":8},"end":{"line":114,"column":9}},"type":"if","locations":[{"start":{"line":111,"column":8},"end":{"line":114,"column":9}},{"start":{},"end":{}}],"line":111},"9":{"loc":{"start":{"line":120,"column":8},"end":{"line":123,"column":9}},"type":"if","locations":[{"start":{"line":120,"column":8},"end":{"line":123,"column":9}},{"start":{},"end":{}}],"line":120},"10":{"loc":{"start":{"line":139,"column":8},"end":{"line":142,"column":9}},"type":"if","locations":[{"start":{"line":139,"column":8},"end":{"line":142,"column":9}},{"start":{},"end":{}}],"line":139},"11":{"loc":{"start":{"line":150,"column":8},"end":{"line":153,"column":9}},"type":"if","locations":[{"start":{"line":150,"column":8},"end":{"line":153,"column":9}},{"start":{},"end":{}}],"line":150},"12":{"loc":{"start":{"line":167,"column":4},"end":{"line":169,"column":5}},"type":"if","locations":[{"start":{"line":167,"column":4},"end":{"line":169,"column":5}},{"start":{},"end":{}}],"line":167},"13":{"loc":{"start":{"line":174,"column":8},"end":{"line":183,"column":9}},"type":"if","locations":[{"start":{"line":174,"column":8},"end":{"line":183,"column":9}},{"start":{"line":176,"column":15},"end":{"line":183,"column":9}}],"line":174},"14":{"loc":{"start":{"line":185,"column":8},"end":{"line":187,"column":9}},"type":"if","locations":[{"start":{"line":185,"column":8},"end":{"line":187,"column":9}},{"start":{},"end":{}}],"line":185},"15":{"loc":{"start":{"line":189,"column":8},"end":{"line":194,"column":9}},"type":"if","locations":[{"start":{"line":189,"column":8},"end":{"line":194,"column":9}},{"start":{},"end":{}}],"line":189},"16":{"loc":{"start":{"line":190,"column":12},"end":{"line":192,"column":13}},"type":"if","locations":[{"start":{"line":190,"column":12},"end":{"line":192,"column":13}},{"start":{},"end":{}}],"line":190}},"s":{"0":8,"1":8,"2":8,"3":2,"4":2,"5":1,"6":1,"7":1,"8":8,"9":3,"10":3,"11":3,"12":2,"13":1,"14":1,"15":1,"16":1,"17":8,"18":4,"19":4,"20":1,"21":1,"22":3,"23":3,"24":2,"25":1,"26":1,"27":1,"28":1,"29":1,"30":1,"31":8,"32":4,"33":4,"34":1,"35":1,"36":3,"37":3,"38":1,"39":1,"40":2,"41":1,"42":1,"43":1,"44":8,"45":4,"46":4,"47":1,"48":1,"49":3,"50":3,"51":2,"52":1,"53":1,"54":1,"55":1,"56":1,"57":1,"58":8,"59":4,"60":4,"61":1,"62":1,"63":3,"64":3,"65":3,"66":2,"67":1,"68":1,"69":1,"70":1,"71":1,"72":1,"73":1,"74":8,"75":4,"76":4,"77":1,"78":1,"79":3,"80":3,"81":3,"82":3,"83":2,"84":1,"85":1,"86":1,"87":1,"88":1,"89":1,"90":8,"91":10,"92":10,"93":2,"94":10,"95":13,"96":13,"97":2,"98":11,"99":13,"100":11,"101":13,"102":3,"103":3,"104":3,"105":13,"106":10},"f":{"0":2,"1":3,"2":4,"3":4,"4":4,"5":4,"6":4,"7":10,"8":13},"b":{"0":[1,1],"1":[1,3],"2":[1,1],"3":[1,3],"4":[1,2],"5":[3,3,3,2],"6":[1,3],"7":[1,1],"8":[1,3],"9":[1,1],"10":[1,3],"11":[1,1],"12":[2,8],"13":[2,11],"14":[11,2],"15":[3,10],"16":[3,0]},"_coverageSchema":"1a1c01bbd47fc00a2c39e90264f33305004495a9","hash":"6440b39b92f9c035e2109ca335dc07a0cda80ea9"}
,"C:\\Users\\LangTecnologia\\Documents\\node\\final project\\clothingStore\\controllers\\userController.js": {"path":"C:\\Users\\LangTecnologia\\Documents\\node\\final project\\clothingStore\\controllers\\userController.js","statementMap":{"0":{"start":{"line":2,"column":12},"end":{"line":2,"column":34}},"1":{"start":{"line":3,"column":23},"end":{"line":3,"column":64}},"2":{"start":{"line":4,"column":13},"end":{"line":4,"column":33}},"3":{"start":{"line":6,"column":0},"end":{"line":21,"column":1}},"4":{"start":{"line":7,"column":4},"end":{"line":20,"column":5}},"5":{"start":{"line":9,"column":8},"end":{"line":12,"column":9}},"6":{"start":{"line":10,"column":12},"end":{"line":10,"column":84}},"7":{"start":{"line":11,"column":12},"end":{"line":11,"column":19}},"8":{"start":{"line":14,"column":22},"end":{"line":14,"column":65}},"9":{"start":{"line":16,"column":8},"end":{"line":16,"column":36}},"10":{"start":{"line":18,"column":8},"end":{"line":18,"column":29}},"11":{"start":{"line":19,"column":8},"end":{"line":19,"column":64}},"12":{"start":{"line":23,"column":0},"end":{"line":44,"column":1}},"13":{"start":{"line":24,"column":4},"end":{"line":43,"column":5}},"14":{"start":{"line":26,"column":23},"end":{"line":26,"column":40}},"15":{"start":{"line":28,"column":8},"end":{"line":31,"column":9}},"16":{"start":{"line":29,"column":12},"end":{"line":29,"column":84}},"17":{"start":{"line":30,"column":12},"end":{"line":30,"column":19}},"18":{"start":{"line":33,"column":21},"end":{"line":33,"column":57}},"19":{"start":{"line":35,"column":8},"end":{"line":39,"column":9}},"20":{"start":{"line":36,"column":12},"end":{"line":36,"column":80}},"21":{"start":{"line":38,"column":12},"end":{"line":38,"column":39}},"22":{"start":{"line":41,"column":8},"end":{"line":41,"column":29}},"23":{"start":{"line":42,"column":8},"end":{"line":42,"column":63}},"24":{"start":{"line":46,"column":0},"end":{"line":74,"column":1}},"25":{"start":{"line":47,"column":4},"end":{"line":73,"column":5}},"26":{"start":{"line":48,"column":23},"end":{"line":48,"column":40}},"27":{"start":{"line":50,"column":8},"end":{"line":53,"column":9}},"28":{"start":{"line":51,"column":12},"end":{"line":51,"column":84}},"29":{"start":{"line":52,"column":12},"end":{"line":52,"column":19}},"30":{"start":{"line":55,"column":42},"end":{"line":55,"column":50}},"31":{"start":{"line":57,"column":8},"end":{"line":60,"column":9}},"32":{"start":{"line":58,"column":12},"end":{"line":58,"column":73}},"33":{"start":{"line":59,"column":12},"end":{"line":59,"column":19}},"34":{"start":{"line":62,"column":24},"end":{"line":62,"column":86}},"35":{"start":{"line":64,"column":8},"end":{"line":68,"column":9}},"36":{"start":{"line":65,"column":12},"end":{"line":65,"column":80}},"37":{"start":{"line":67,"column":12},"end":{"line":67,"column":61}},"38":{"start":{"line":71,"column":8},"end":{"line":71,"column":29}},"39":{"start":{"line":72,"column":8},"end":{"line":72,"column":63}},"40":{"start":{"line":76,"column":0},"end":{"line":104,"column":1}},"41":{"start":{"line":77,"column":4},"end":{"line":103,"column":5}},"42":{"start":{"line":78,"column":48},"end":{"line":78,"column":56}},"43":{"start":{"line":80,"column":8},"end":{"line":83,"column":9}},"44":{"start":{"line":81,"column":12},"end":{"line":81,"column":84}},"45":{"start":{"line":82,"column":12},"end":{"line":82,"column":19}},"46":{"start":{"line":85,"column":8},"end":{"line":88,"column":9}},"47":{"start":{"line":86,"column":12},"end":{"line":86,"column":78}},"48":{"start":{"line":87,"column":12},"end":{"line":87,"column":19}},"49":{"start":{"line":90,"column":21},"end":{"line":90,"column":59}},"50":{"start":{"line":92,"column":8},"end":{"line":95,"column":9}},"51":{"start":{"line":93,"column":12},"end":{"line":93,"column":77}},"52":{"start":{"line":94,"column":12},"end":{"line":94,"column":19}},"53":{"start":{"line":97,"column":24},"end":{"line":97,"column":84}},"54":{"start":{"line":99,"column":8},"end":{"line":99,"column":38}},"55":{"start":{"line":101,"column":8},"end":{"line":101,"column":29}},"56":{"start":{"line":102,"column":8},"end":{"line":102,"column":63}},"57":{"start":{"line":106,"column":0},"end":{"line":137,"column":1}},"58":{"start":{"line":107,"column":4},"end":{"line":136,"column":5}},"59":{"start":{"line":108,"column":46},"end":{"line":108,"column":54}},"60":{"start":{"line":110,"column":8},"end":{"line":113,"column":9}},"61":{"start":{"line":111,"column":12},"end":{"line":111,"column":136}},"62":{"start":{"line":112,"column":12},"end":{"line":112,"column":19}},"63":{"start":{"line":115,"column":21},"end":{"line":115,"column":80}},"64":{"start":{"line":117,"column":8},"end":{"line":120,"column":9}},"65":{"start":{"line":118,"column":12},"end":{"line":118,"column":75}},"66":{"start":{"line":119,"column":12},"end":{"line":119,"column":19}},"67":{"start":{"line":122,"column":24},"end":{"line":128,"column":9}},"68":{"start":{"line":130,"column":22},"end":{"line":130,"column":56}},"69":{"start":{"line":132,"column":8},"end":{"line":132,"column":40}},"70":{"start":{"line":134,"column":8},"end":{"line":134,"column":29}},"71":{"start":{"line":135,"column":8},"end":{"line":135,"column":60}},"72":{"start":{"line":139,"column":0},"end":{"line":162,"column":1}},"73":{"start":{"line":140,"column":4},"end":{"line":161,"column":5}},"74":{"start":{"line":141,"column":23},"end":{"line":141,"column":40}},"75":{"start":{"line":143,"column":8},"end":{"line":146,"column":9}},"76":{"start":{"line":144,"column":12},"end":{"line":144,"column":84}},"77":{"start":{"line":145,"column":12},"end":{"line":145,"column":19}},"78":{"start":{"line":148,"column":21},"end":{"line":148,"column":57}},"79":{"start":{"line":150,"column":8},"end":{"line":153,"column":9}},"80":{"start":{"line":151,"column":12},"end":{"line":151,"column":80}},"81":{"start":{"line":152,"column":12},"end":{"line":152,"column":19}},"82":{"start":{"line":155,"column":8},"end":{"line":155,"column":48}},"83":{"start":{"line":157,"column":8},"end":{"line":157,"column":71}},"84":{"start":{"line":159,"column":8},"end":{"line":159,"column":29}},"85":{"start":{"line":160,"column":8},"end":{"line":160,"column":63}}},"fnMap":{"0":{"name":"(anonymous_0)","decl":{"start":{"line":6,"column":26},"end":{"line":6,"column":27}},"loc":{"start":{"line":6,"column":46},"end":{"line":21,"column":1}},"line":6},"1":{"name":"(anonymous_1)","decl":{"start":{"line":23,"column":25},"end":{"line":23,"column":26}},"loc":{"start":{"line":23,"column":45},"end":{"line":44,"column":1}},"line":23},"2":{"name":"(anonymous_2)","decl":{"start":{"line":46,"column":28},"end":{"line":46,"column":29}},"loc":{"start":{"line":46,"column":48},"end":{"line":74,"column":1}},"line":46},"3":{"name":"(anonymous_3)","decl":{"start":{"line":76,"column":30},"end":{"line":76,"column":31}},"loc":{"start":{"line":76,"column":50},"end":{"line":104,"column":1}},"line":76},"4":{"name":"(anonymous_4)","decl":{"start":{"line":106,"column":23},"end":{"line":106,"column":24}},"loc":{"start":{"line":106,"column":43},"end":{"line":137,"column":1}},"line":106},"5":{"name":"(anonymous_5)","decl":{"start":{"line":139,"column":28},"end":{"line":139,"column":29}},"loc":{"start":{"line":139,"column":48},"end":{"line":162,"column":1}},"line":139}},"branchMap":{"0":{"loc":{"start":{"line":9,"column":8},"end":{"line":12,"column":9}},"type":"if","locations":[{"start":{"line":9,"column":8},"end":{"line":12,"column":9}},{"start":{},"end":{}}],"line":9},"1":{"loc":{"start":{"line":28,"column":8},"end":{"line":31,"column":9}},"type":"if","locations":[{"start":{"line":28,"column":8},"end":{"line":31,"column":9}},{"start":{},"end":{}}],"line":28},"2":{"loc":{"start":{"line":28,"column":12},"end":{"line":28,"column":73}},"type":"binary-expr","locations":[{"start":{"line":28,"column":12},"end":{"line":28,"column":40}},{"start":{"line":28,"column":44},"end":{"line":28,"column":73}}],"line":28},"3":{"loc":{"start":{"line":35,"column":8},"end":{"line":39,"column":9}},"type":"if","locations":[{"start":{"line":35,"column":8},"end":{"line":39,"column":9}},{"start":{"line":37,"column":15},"end":{"line":39,"column":9}}],"line":35},"4":{"loc":{"start":{"line":50,"column":8},"end":{"line":53,"column":9}},"type":"if","locations":[{"start":{"line":50,"column":8},"end":{"line":53,"column":9}},{"start":{},"end":{}}],"line":50},"5":{"loc":{"start":{"line":50,"column":12},"end":{"line":50,"column":73}},"type":"binary-expr","locations":[{"start":{"line":50,"column":12},"end":{"line":50,"column":40}},{"start":{"line":50,"column":44},"end":{"line":50,"column":73}}],"line":50},"6":{"loc":{"start":{"line":57,"column":8},"end":{"line":60,"column":9}},"type":"if","locations":[{"start":{"line":57,"column":8},"end":{"line":60,"column":9}},{"start":{},"end":{}}],"line":57},"7":{"loc":{"start":{"line":57,"column":12},"end":{"line":57,"column":40}},"type":"binary-expr","locations":[{"start":{"line":57,"column":12},"end":{"line":57,"column":17}},{"start":{"line":57,"column":21},"end":{"line":57,"column":27}},{"start":{"line":57,"column":31},"end":{"line":57,"column":40}}],"line":57},"8":{"loc":{"start":{"line":64,"column":8},"end":{"line":68,"column":9}},"type":"if","locations":[{"start":{"line":64,"column":8},"end":{"line":68,"column":9}},{"start":{"line":66,"column":15},"end":{"line":68,"column":9}}],"line":64},"9":{"loc":{"start":{"line":80,"column":8},"end":{"line":83,"column":9}},"type":"if","locations":[{"start":{"line":80,"column":8},"end":{"line":83,"column":9}},{"start":{},"end":{}}],"line":80},"10":{"loc":{"start":{"line":80,"column":12},"end":{"line":80,"column":49}},"type":"binary-expr","locations":[{"start":{"line":80,"column":12},"end":{"line":80,"column":17}},{"start":{"line":80,"column":21},"end":{"line":80,"column":27}},{"start":{"line":80,"column":31},"end":{"line":80,"column":40}},{"start":{"line":80,"column":44},"end":{"line":80,"column":49}}],"line":80},"11":{"loc":{"start":{"line":85,"column":8},"end":{"line":88,"column":9}},"type":"if","locations":[{"start":{"line":85,"column":8},"end":{"line":88,"column":9}},{"start":{},"end":{}}],"line":85},"12":{"loc":{"start":{"line":85,"column":12},"end":{"line":85,"column":51}},"type":"binary-expr","locations":[{"start":{"line":85,"column":12},"end":{"line":85,"column":28}},{"start":{"line":85,"column":32},"end":{"line":85,"column":51}}],"line":85},"13":{"loc":{"start":{"line":92,"column":8},"end":{"line":95,"column":9}},"type":"if","locations":[{"start":{"line":92,"column":8},"end":{"line":95,"column":9}},{"start":{},"end":{}}],"line":92},"14":{"loc":{"start":{"line":110,"column":8},"end":{"line":113,"column":9}},"type":"if","locations":[{"start":{"line":110,"column":8},"end":{"line":113,"column":9}},{"start":{},"end":{}}],"line":110},"15":{"loc":{"start":{"line":110,"column":12},"end":{"line":110,"column":47}},"type":"binary-expr","locations":[{"start":{"line":110,"column":12},"end":{"line":110,"column":16}},{"start":{"line":110,"column":20},"end":{"line":110,"column":24}},{"start":{"line":110,"column":28},"end":{"line":110,"column":34}},{"start":{"line":110,"column":38},"end":{"line":110,"column":47}}],"line":110},"16":{"loc":{"start":{"line":117,"column":8},"end":{"line":120,"column":9}},"type":"if","locations":[{"start":{"line":117,"column":8},"end":{"line":120,"column":9}},{"start":{},"end":{}}],"line":117},"17":{"loc":{"start":{"line":143,"column":8},"end":{"line":146,"column":9}},"type":"if","locations":[{"start":{"line":143,"column":8},"end":{"line":146,"column":9}},{"start":{},"end":{}}],"line":143},"18":{"loc":{"start":{"line":143,"column":12},"end":{"line":143,"column":73}},"type":"binary-expr","locations":[{"start":{"line":143,"column":12},"end":{"line":143,"column":40}},{"start":{"line":143,"column":44},"end":{"line":143,"column":73}}],"line":143},"19":{"loc":{"start":{"line":150,"column":8},"end":{"line":153,"column":9}},"type":"if","locations":[{"start":{"line":150,"column":8},"end":{"line":153,"column":9}},{"start":{},"end":{}}],"line":150}},"s":{"0":6,"1":6,"2":6,"3":6,"4":3,"5":3,"6":1,"7":1,"8":2,"9":1,"10":1,"11":1,"12":6,"13":5,"14":5,"15":5,"16":1,"17":1,"18":4,"19":3,"20":1,"21":2,"22":1,"23":1,"24":6,"25":6,"26":6,"27":6,"28":1,"29":1,"30":5,"31":5,"32":1,"33":1,"34":4,"35":3,"36":1,"37":2,"38":1,"39":1,"40":6,"41":5,"42":5,"43":5,"44":1,"45":1,"46":4,"47":1,"48":1,"49":3,"50":2,"51":1,"52":1,"53":1,"54":1,"55":1,"56":1,"57":6,"58":4,"59":4,"60":4,"61":1,"62":1,"63":3,"64":2,"65":1,"66":1,"67":1,"68":1,"69":1,"70":1,"71":1,"72":6,"73":5,"74":5,"75":5,"76":1,"77":1,"78":4,"79":3,"80":1,"81":1,"82":2,"83":2,"84":1,"85":1},"f":{"0":3,"1":5,"2":6,"3":5,"4":4,"5":5},"b":{"0":[1,2],"1":[1,4],"2":[5,2],"3":[1,2],"4":[1,5],"5":[6,2],"6":[1,4],"7":[5,1,1],"8":[1,2],"9":[1,4],"10":[5,4,4,4],"11":[1,3],"12":[4,4],"13":[1,1],"14":[1,3],"15":[4,3,3,3],"16":[1,1],"17":[1,4],"18":[5,2],"19":[1,2]},"_coverageSchema":"1a1c01bbd47fc00a2c39e90264f33305004495a9","hash":"cc5be0d18f40369bff0c87b28ada4fca5dba2980"}
,"C:\\Users\\LangTecnologia\\Documents\\node\\final project\\clothingStore\\repositories\\cartRepository.js": {"path":"C:\\Users\\LangTecnologia\\Documents\\node\\final project\\clothingStore\\repositories\\cartRepository.js","statementMap":{"0":{"start":{"line":1,"column":13},"end":{"line":1,"column":38}},"1":{"start":{"line":3,"column":0},"end":{"line":13,"column":1}},"2":{"start":{"line":5,"column":28},"end":{"line":5,"column":86}},"3":{"start":{"line":6,"column":4},"end":{"line":12,"column":5}},"4":{"start":{"line":7,"column":33},"end":{"line":7,"column":76}},"5":{"start":{"line":8,"column":23},"end":{"line":8,"column":55}},"6":{"start":{"line":9,"column":8},"end":{"line":9,"column":22}},"7":{"start":{"line":11,"column":8},"end":{"line":11,"column":49}},"8":{"start":{"line":15,"column":0},"end":{"line":29,"column":1}},"9":{"start":{"line":16,"column":27},"end":{"line":16,"column":81}},"10":{"start":{"line":17,"column":17},"end":{"line":17,"column":25}},"11":{"start":{"line":19,"column":4},"end":{"line":22,"column":5}},"12":{"start":{"line":20,"column":8},"end":{"line":20,"column":46}},"13":{"start":{"line":21,"column":8},"end":{"line":21,"column":28}},"14":{"start":{"line":23,"column":4},"end":{"line":28,"column":5}},"15":{"start":{"line":24,"column":32},"end":{"line":24,"column":72}},"16":{"start":{"line":25,"column":8},"end":{"line":25,"column":39}},"17":{"start":{"line":27,"column":8},"end":{"line":27,"column":46}},"18":{"start":{"line":31,"column":0},"end":{"line":63,"column":1}},"19":{"start":{"line":33,"column":19},"end":{"line":33,"column":39}},"20":{"start":{"line":35,"column":4},"end":{"line":62,"column":5}},"21":{"start":{"line":36,"column":8},"end":{"line":36,"column":36}},"22":{"start":{"line":38,"column":8},"end":{"line":56,"column":9}},"23":{"start":{"line":39,"column":12},"end":{"line":55,"column":13}},"24":{"start":{"line":40,"column":31},"end":{"line":40,"column":51}},"25":{"start":{"line":42,"column":31},"end":{"line":42,"column":92}},"26":{"start":{"line":44,"column":16},"end":{"line":47,"column":17}},"27":{"start":{"line":45,"column":20},"end":{"line":45,"column":51}},"28":{"start":{"line":46,"column":20},"end":{"line":46,"column":64}},"29":{"start":{"line":49,"column":16},"end":{"line":52,"column":17}},"30":{"start":{"line":50,"column":20},"end":{"line":50,"column":51}},"31":{"start":{"line":51,"column":20},"end":{"line":51,"column":98}},"32":{"start":{"line":54,"column":16},"end":{"line":54,"column":83}},"33":{"start":{"line":57,"column":8},"end":{"line":57,"column":37}},"34":{"start":{"line":59,"column":8},"end":{"line":59,"column":20}},"35":{"start":{"line":61,"column":8},"end":{"line":61,"column":25}},"36":{"start":{"line":65,"column":0},"end":{"line":77,"column":1}},"37":{"start":{"line":66,"column":36},"end":{"line":66,"column":132}},"38":{"start":{"line":67,"column":4},"end":{"line":76,"column":5}},"39":{"start":{"line":68,"column":23},"end":{"line":68,"column":90}},"40":{"start":{"line":70,"column":8},"end":{"line":72,"column":9}},"41":{"start":{"line":71,"column":12},"end":{"line":71,"column":24}},"42":{"start":{"line":73,"column":8},"end":{"line":73,"column":30}},"43":{"start":{"line":75,"column":8},"end":{"line":75,"column":58}},"44":{"start":{"line":79,"column":0},"end":{"line":105,"column":1}},"45":{"start":{"line":81,"column":39},"end":{"line":81,"column":157}},"46":{"start":{"line":82,"column":32},"end":{"line":82,"column":112}},"47":{"start":{"line":83,"column":32},"end":{"line":83,"column":112}},"48":{"start":{"line":85,"column":19},"end":{"line":85,"column":39}},"49":{"start":{"line":87,"column":4},"end":{"line":104,"column":5}},"50":{"start":{"line":88,"column":8},"end":{"line":88,"column":36}},"51":{"start":{"line":90,"column":25},"end":{"line":90,"column":98}},"52":{"start":{"line":92,"column":8},"end":{"line":96,"column":9}},"53":{"start":{"line":93,"column":12},"end":{"line":93,"column":87}},"54":{"start":{"line":95,"column":12},"end":{"line":95,"column":87}},"55":{"start":{"line":98,"column":8},"end":{"line":98,"column":37}},"56":{"start":{"line":100,"column":8},"end":{"line":100,"column":39}},"57":{"start":{"line":101,"column":8},"end":{"line":101,"column":61}},"58":{"start":{"line":103,"column":8},"end":{"line":103,"column":25}},"59":{"start":{"line":107,"column":0},"end":{"line":158,"column":1}},"60":{"start":{"line":109,"column":25},"end":{"line":116,"column":5}},"61":{"start":{"line":118,"column":4},"end":{"line":157,"column":5}},"62":{"start":{"line":119,"column":25},"end":{"line":119,"column":65}},"63":{"start":{"line":121,"column":8},"end":{"line":123,"column":9}},"64":{"start":{"line":122,"column":12},"end":{"line":122,"column":24}},"65":{"start":{"line":125,"column":28},"end":{"line":129,"column":9}},"66":{"start":{"line":131,"column":27},"end":{"line":131,"column":36}},"67":{"start":{"line":133,"column":8},"end":{"line":150,"column":11}},"68":{"start":{"line":134,"column":70},"end":{"line":134,"column":73}},"69":{"start":{"line":136,"column":12},"end":{"line":142,"column":13}},"70":{"start":{"line":137,"column":12},"end":{"line":141,"column":15}},"71":{"start":{"line":144,"column":28},"end":{"line":144,"column":54}},"72":{"start":{"line":145,"column":12},"end":{"line":147,"column":13}},"73":{"start":{"line":146,"column":12},"end":{"line":146,"column":40}},"74":{"start":{"line":149,"column":12},"end":{"line":149,"column":50}},"75":{"start":{"line":152,"column":8},"end":{"line":152,"column":63}},"76":{"start":{"line":154,"column":8},"end":{"line":154,"column":27}},"77":{"start":{"line":156,"column":8},"end":{"line":156,"column":56}},"78":{"start":{"line":160,"column":0},"end":{"line":181,"column":1}},"79":{"start":{"line":162,"column":28},"end":{"line":162,"column":65}},"80":{"start":{"line":163,"column":33},"end":{"line":163,"column":75}},"81":{"start":{"line":165,"column":19},"end":{"line":165,"column":39}},"82":{"start":{"line":167,"column":4},"end":{"line":180,"column":5}},"83":{"start":{"line":168,"column":8},"end":{"line":168,"column":36}},"84":{"start":{"line":170,"column":8},"end":{"line":170,"column":59}},"85":{"start":{"line":172,"column":8},"end":{"line":172,"column":54}},"86":{"start":{"line":174,"column":8},"end":{"line":174,"column":37}},"87":{"start":{"line":176,"column":8},"end":{"line":176,"column":39}},"88":{"start":{"line":177,"column":8},"end":{"line":177,"column":47}},"89":{"start":{"line":179,"column":8},"end":{"line":179,"column":25}},"90":{"start":{"line":183,"column":0},"end":{"line":206,"column":1}},"91":{"start":{"line":184,"column":19},"end":{"line":184,"column":39}},"92":{"start":{"line":186,"column":4},"end":{"line":205,"column":5}},"93":{"start":{"line":187,"column":8},"end":{"line":187,"column":36}},"94":{"start":{"line":189,"column":33},"end":{"line":189,"column":101}},"95":{"start":{"line":190,"column":24},"end":{"line":190,"column":70}},"96":{"start":{"line":191,"column":33},"end":{"line":191,"column":101}},"97":{"start":{"line":193,"column":8},"end":{"line":195,"column":11}},"98":{"start":{"line":194,"column":12},"end":{"line":194,"column":86}},"99":{"start":{"line":197,"column":8},"end":{"line":197,"column":34}},"100":{"start":{"line":199,"column":8},"end":{"line":199,"column":37}},"101":{"start":{"line":201,"column":8},"end":{"line":201,"column":39}},"102":{"start":{"line":202,"column":8},"end":{"line":202,"column":45}},"103":{"start":{"line":204,"column":8},"end":{"line":204,"column":25}}},"fnMap":{"0":{"name":"(anonymous_0)","decl":{"start":{"line":3,"column":24},"end":{"line":3,"column":25}},"loc":{"start":{"line":3,"column":42},"end":{"line":13,"column":1}},"line":3},"1":{"name":"(anonymous_1)","decl":{"start":{"line":15,"column":25},"end":{"line":15,"column":26}},"loc":{"start":{"line":15,"column":57},"end":{"line":29,"column":1}},"line":15},"2":{"name":"(anonymous_2)","decl":{"start":{"line":31,"column":28},"end":{"line":31,"column":29}},"loc":{"start":{"line":31,"column":66},"end":{"line":63,"column":1}},"line":31},"3":{"name":"(anonymous_3)","decl":{"start":{"line":65,"column":44},"end":{"line":65,"column":45}},"loc":{"start":{"line":65,"column":78},"end":{"line":77,"column":1}},"line":65},"4":{"name":"(anonymous_4)","decl":{"start":{"line":79,"column":39},"end":{"line":79,"column":40}},"loc":{"start":{"line":79,"column":82},"end":{"line":105,"column":1}},"line":79},"5":{"name":"(anonymous_5)","decl":{"start":{"line":107,"column":30},"end":{"line":107,"column":31}},"loc":{"start":{"line":107,"column":48},"end":{"line":158,"column":1}},"line":107},"6":{"name":"(anonymous_6)","decl":{"start":{"line":133,"column":21},"end":{"line":133,"column":22}},"loc":{"start":{"line":133,"column":30},"end":{"line":150,"column":9}},"line":133},"7":{"name":"(anonymous_7)","decl":{"start":{"line":160,"column":24},"end":{"line":160,"column":25}},"loc":{"start":{"line":160,"column":42},"end":{"line":181,"column":1}},"line":160},"8":{"name":"(anonymous_8)","decl":{"start":{"line":183,"column":21},"end":{"line":183,"column":22}},"loc":{"start":{"line":183,"column":39},"end":{"line":206,"column":1}},"line":183},"9":{"name":"(anonymous_9)","decl":{"start":{"line":193,"column":29},"end":{"line":193,"column":30}},"loc":{"start":{"line":193,"column":45},"end":{"line":195,"column":9}},"line":193}},"branchMap":{"0":{"loc":{"start":{"line":19,"column":4},"end":{"line":22,"column":5}},"type":"if","locations":[{"start":{"line":19,"column":4},"end":{"line":22,"column":5}},{"start":{},"end":{}}],"line":19},"1":{"loc":{"start":{"line":44,"column":16},"end":{"line":47,"column":17}},"type":"if","locations":[{"start":{"line":44,"column":16},"end":{"line":47,"column":17}},{"start":{},"end":{}}],"line":44},"2":{"loc":{"start":{"line":49,"column":16},"end":{"line":52,"column":17}},"type":"if","locations":[{"start":{"line":49,"column":16},"end":{"line":52,"column":17}},{"start":{},"end":{}}],"line":49},"3":{"loc":{"start":{"line":70,"column":8},"end":{"line":72,"column":9}},"type":"if","locations":[{"start":{"line":70,"column":8},"end":{"line":72,"column":9}},{"start":{},"end":{}}],"line":70},"4":{"loc":{"start":{"line":92,"column":8},"end":{"line":96,"column":9}},"type":"if","locations":[{"start":{"line":92,"column":8},"end":{"line":96,"column":9}},{"start":{"line":94,"column":15},"end":{"line":96,"column":9}}],"line":92},"5":{"loc":{"start":{"line":121,"column":8},"end":{"line":123,"column":9}},"type":"if","locations":[{"start":{"line":121,"column":8},"end":{"line":123,"column":9}},{"start":{},"end":{}}],"line":121},"6":{"loc":{"start":{"line":136,"column":12},"end":{"line":142,"column":13}},"type":"if","locations":[{"start":{"line":136,"column":12},"end":{"line":142,"column":13}},{"start":{},"end":{}}],"line":136},"7":{"loc":{"start":{"line":145,"column":12},"end":{"line":147,"column":13}},"type":"if","locations":[{"start":{"line":145,"column":12},"end":{"line":147,"column":13}},{"start":{},"end":{}}],"line":145}},"s":{"0":5,"1":5,"2":0,"3":0,"4":0,"5":0,"6":0,"7":0,"8":5,"9":0,"10":0,"11":0,"12":0,"13":0,"14":0,"15":0,"16":0,"17":0,"18":5,"19":0,"20":0,"21":0,"22":0,"23":0,"24":0,"25":0,"26":0,"27":0,"28":0,"29":0,"30":0,"31":0,"32":0,"33":0,"34":0,"35":0,"36":5,"37":0,"38":0,"39":0,"40":0,"41":0,"42":0,"43":0,"44":5,"45":0,"46":0,"47":0,"48":0,"49":0,"50":0,"51":0,"52":0,"53":0,"54":0,"55":0,"56":0,"57":0,"58":0,"59":5,"60":0,"61":0,"62":0,"63":0,"64":0,"65":0,"66":0,"67":0,"68":0,"69":0,"70":0,"71":0,"72":0,"73":0,"74":0,"75":0,"76":0,"77":0,"78":5,"79":0,"80":0,"81":0,"82":0,"83":0,"84":0,"85":0,"86":0,"87":0,"88":0,"89":0,"90":5,"91":0,"92":0,"93":0,"94":0,"95":0,"96":0,"97":0,"98":0,"99":0,"100":0,"101":0,"102":0,"103":0},"f":{"0":0,"1":0,"2":0,"3":0,"4":0,"5":0,"6":0,"7":0,"8":0,"9":0},"b":{"0":[0,0],"1":[0,0],"2":[0,0],"3":[0,0],"4":[0,0],"5":[0,0],"6":[0,0],"7":[0,0]},"_coverageSchema":"1a1c01bbd47fc00a2c39e90264f33305004495a9","hash":"b1dd990082a322173abd4e593fd7500fb9575282"}
,"C:\\Users\\LangTecnologia\\Documents\\node\\final project\\clothingStore\\repositories\\categoryRepository.js": {"path":"C:\\Users\\LangTecnologia\\Documents\\node\\final project\\clothingStore\\repositories\\categoryRepository.js","statementMap":{"0":{"start":{"line":1,"column":13},"end":{"line":1,"column":38}},"1":{"start":{"line":3,"column":0},"end":{"line":11,"column":1}},"2":{"start":{"line":4,"column":18},"end":{"line":4,"column":65}},"3":{"start":{"line":5,"column":4},"end":{"line":10,"column":5}},"4":{"start":{"line":6,"column":23},"end":{"line":6,"column":50}},"5":{"start":{"line":7,"column":8},"end":{"line":7,"column":27}},"6":{"start":{"line":9,"column":8},"end":{"line":9,"column":53}},"7":{"start":{"line":13,"column":0},"end":{"line":21,"column":1}},"8":{"start":{"line":14,"column":18},"end":{"line":14,"column":88}},"9":{"start":{"line":15,"column":4},"end":{"line":20,"column":5}},"10":{"start":{"line":16,"column":23},"end":{"line":16,"column":61}},"11":{"start":{"line":17,"column":8},"end":{"line":17,"column":30}},"12":{"start":{"line":19,"column":8},"end":{"line":19,"column":51}},"13":{"start":{"line":23,"column":0},"end":{"line":31,"column":1}},"14":{"start":{"line":24,"column":18},"end":{"line":24,"column":88}},"15":{"start":{"line":25,"column":4},"end":{"line":30,"column":5}},"16":{"start":{"line":26,"column":23},"end":{"line":26,"column":61}},"17":{"start":{"line":27,"column":8},"end":{"line":27,"column":30}},"18":{"start":{"line":29,"column":8},"end":{"line":29,"column":51}},"19":{"start":{"line":33,"column":0},"end":{"line":41,"column":1}},"20":{"start":{"line":34,"column":18},"end":{"line":34,"column":103}},"21":{"start":{"line":35,"column":4},"end":{"line":40,"column":5}},"22":{"start":{"line":36,"column":23},"end":{"line":36,"column":61}},"23":{"start":{"line":37,"column":8},"end":{"line":37,"column":30}},"24":{"start":{"line":39,"column":8},"end":{"line":39,"column":51}},"25":{"start":{"line":43,"column":0},"end":{"line":61,"column":1}},"26":{"start":{"line":44,"column":19},"end":{"line":44,"column":39}},"27":{"start":{"line":45,"column":33},"end":{"line":45,"column":86}},"28":{"start":{"line":46,"column":26},"end":{"line":46,"column":71}},"29":{"start":{"line":48,"column":4},"end":{"line":60,"column":5}},"30":{"start":{"line":49,"column":8},"end":{"line":49,"column":36}},"31":{"start":{"line":51,"column":8},"end":{"line":51,"column":61}},"32":{"start":{"line":52,"column":8},"end":{"line":52,"column":54}},"33":{"start":{"line":54,"column":8},"end":{"line":54,"column":37}},"34":{"start":{"line":56,"column":8},"end":{"line":56,"column":39}},"35":{"start":{"line":57,"column":8},"end":{"line":57,"column":51}},"36":{"start":{"line":59,"column":8},"end":{"line":59,"column":25}}},"fnMap":{"0":{"name":"(anonymous_0)","decl":{"start":{"line":3,"column":24},"end":{"line":3,"column":25}},"loc":{"start":{"line":3,"column":36},"end":{"line":11,"column":1}},"line":3},"1":{"name":"(anonymous_1)","decl":{"start":{"line":13,"column":25},"end":{"line":13,"column":26}},"loc":{"start":{"line":13,"column":48},"end":{"line":21,"column":1}},"line":13},"2":{"name":"(anonymous_2)","decl":{"start":{"line":23,"column":34},"end":{"line":23,"column":35}},"loc":{"start":{"line":23,"column":57},"end":{"line":31,"column":1}},"line":23},"3":{"name":"(anonymous_3)","decl":{"start":{"line":33,"column":24},"end":{"line":33,"column":25}},"loc":{"start":{"line":33,"column":47},"end":{"line":41,"column":1}},"line":33},"4":{"name":"(anonymous_4)","decl":{"start":{"line":43,"column":24},"end":{"line":43,"column":25}},"loc":{"start":{"line":43,"column":46},"end":{"line":61,"column":1}},"line":43}},"branchMap":{},"s":{"0":4,"1":4,"2":0,"3":0,"4":0,"5":0,"6":0,"7":4,"8":0,"9":0,"10":0,"11":0,"12":0,"13":4,"14":0,"15":0,"16":0,"17":0,"18":0,"19":4,"20":0,"21":0,"22":0,"23":0,"24":0,"25":4,"26":0,"27":0,"28":0,"29":0,"30":0,"31":0,"32":0,"33":0,"34":0,"35":0,"36":0},"f":{"0":0,"1":0,"2":0,"3":0,"4":0},"b":{},"_coverageSchema":"1a1c01bbd47fc00a2c39e90264f33305004495a9","hash":"ab140fc988105042765086bea593e70d83c0524c"}
,"C:\\Users\\LangTecnologia\\Documents\\node\\final project\\clothingStore\\repositories\\productOptionRepository.js": {"path":"C:\\Users\\LangTecnologia\\Documents\\node\\final project\\clothingStore\\repositories\\productOptionRepository.js","statementMap":{"0":{"start":{"line":1,"column":13},"end":{"line":1,"column":38}},"1":{"start":{"line":3,"column":0},"end":{"line":41,"column":1}},"2":{"start":{"line":5,"column":19},"end":{"line":5,"column":39}},"3":{"start":{"line":7,"column":4},"end":{"line":40,"column":5}},"4":{"start":{"line":8,"column":8},"end":{"line":8,"column":36}},"5":{"start":{"line":10,"column":8},"end":{"line":31,"column":9}},"6":{"start":{"line":12,"column":12},"end":{"line":30,"column":13}},"7":{"start":{"line":14,"column":30},"end":{"line":14,"column":50}},"8":{"start":{"line":16,"column":41},"end":{"line":16,"column":162}},"9":{"start":{"line":17,"column":42},"end":{"line":17,"column":104}},"10":{"start":{"line":19,"column":16},"end":{"line":29,"column":17}},"11":{"start":{"line":20,"column":46},"end":{"line":20,"column":131}},"12":{"start":{"line":21,"column":20},"end":{"line":21,"column":91}},"13":{"start":{"line":24,"column":42},"end":{"line":24,"column":73}},"14":{"start":{"line":25,"column":37},"end":{"line":25,"column":58}},"15":{"start":{"line":27,"column":45},"end":{"line":27,"column":134}},"16":{"start":{"line":28,"column":20},"end":{"line":28,"column":93}},"17":{"start":{"line":33,"column":8},"end":{"line":33,"column":37}},"18":{"start":{"line":36,"column":8},"end":{"line":36,"column":39}},"19":{"start":{"line":37,"column":8},"end":{"line":37,"column":63}},"20":{"start":{"line":39,"column":8},"end":{"line":39,"column":25}},"21":{"start":{"line":43,"column":0},"end":{"line":70,"column":1}},"22":{"start":{"line":45,"column":19},"end":{"line":45,"column":39}},"23":{"start":{"line":46,"column":4},"end":{"line":69,"column":5}},"24":{"start":{"line":47,"column":8},"end":{"line":47,"column":36}},"25":{"start":{"line":49,"column":8},"end":{"line":60,"column":9}},"26":{"start":{"line":50,"column":36},"end":{"line":50,"column":169}},"27":{"start":{"line":51,"column":37},"end":{"line":51,"column":98}},"28":{"start":{"line":53,"column":12},"end":{"line":56,"column":13}},"29":{"start":{"line":54,"column":16},"end":{"line":54,"column":47}},"30":{"start":{"line":55,"column":16},"end":{"line":55,"column":23}},"31":{"start":{"line":58,"column":38},"end":{"line":58,"column":103}},"32":{"start":{"line":59,"column":12},"end":{"line":59,"column":70}},"33":{"start":{"line":62,"column":8},"end":{"line":62,"column":37}},"34":{"start":{"line":65,"column":8},"end":{"line":65,"column":39}},"35":{"start":{"line":66,"column":8},"end":{"line":66,"column":66}},"36":{"start":{"line":68,"column":8},"end":{"line":68,"column":25}}},"fnMap":{"0":{"name":"(anonymous_0)","decl":{"start":{"line":3,"column":24},"end":{"line":3,"column":25}},"loc":{"start":{"line":3,"column":54},"end":{"line":41,"column":1}},"line":3},"1":{"name":"(anonymous_1)","decl":{"start":{"line":43,"column":24},"end":{"line":43,"column":25}},"loc":{"start":{"line":43,"column":58},"end":{"line":70,"column":1}},"line":43}},"branchMap":{"0":{"loc":{"start":{"line":19,"column":16},"end":{"line":29,"column":17}},"type":"if","locations":[{"start":{"line":19,"column":16},"end":{"line":29,"column":17}},{"start":{"line":22,"column":23},"end":{"line":29,"column":17}}],"line":19},"1":{"loc":{"start":{"line":49,"column":8},"end":{"line":60,"column":9}},"type":"if","locations":[{"start":{"line":49,"column":8},"end":{"line":60,"column":9}},{"start":{"line":57,"column":15},"end":{"line":60,"column":9}}],"line":49},"2":{"loc":{"start":{"line":53,"column":12},"end":{"line":56,"column":13}},"type":"if","locations":[{"start":{"line":53,"column":12},"end":{"line":56,"column":13}},{"start":{},"end":{}}],"line":53}},"s":{"0":8,"1":8,"2":0,"3":0,"4":0,"5":0,"6":0,"7":0,"8":0,"9":0,"10":0,"11":0,"12":0,"13":0,"14":0,"15":0,"16":0,"17":0,"18":0,"19":0,"20":0,"21":8,"22":0,"23":0,"24":0,"25":0,"26":0,"27":0,"28":0,"29":0,"30":0,"31":0,"32":0,"33":0,"34":0,"35":0,"36":0},"f":{"0":0,"1":0},"b":{"0":[0,0],"1":[0,0],"2":[0,0]},"_coverageSchema":"1a1c01bbd47fc00a2c39e90264f33305004495a9","hash":"f5c0ffd952faff2ecbe818a2ef06bc03f31a244a"}
,"C:\\Users\\LangTecnologia\\Documents\\node\\final project\\clothingStore\\repositories\\productRepository.js": {"path":"C:\\Users\\LangTecnologia\\Documents\\node\\final project\\clothingStore\\repositories\\productRepository.js","statementMap":{"0":{"start":{"line":1,"column":13},"end":{"line":1,"column":38}},"1":{"start":{"line":3,"column":0},"end":{"line":51,"column":1}},"2":{"start":{"line":5,"column":58},"end":{"line":5,"column":65}},"3":{"start":{"line":7,"column":16},"end":{"line":14,"column":9}},"4":{"start":{"line":16,"column":29},"end":{"line":16,"column":31}},"5":{"start":{"line":18,"column":8},"end":{"line":21,"column":9}},"6":{"start":{"line":19,"column":12},"end":{"line":19,"column":74}},"7":{"start":{"line":20,"column":12},"end":{"line":20,"column":40}},"8":{"start":{"line":23,"column":8},"end":{"line":26,"column":9}},"9":{"start":{"line":24,"column":12},"end":{"line":24,"column":69}},"10":{"start":{"line":25,"column":12},"end":{"line":25,"column":37}},"11":{"start":{"line":28,"column":8},"end":{"line":31,"column":9}},"12":{"start":{"line":29,"column":12},"end":{"line":29,"column":68}},"13":{"start":{"line":30,"column":12},"end":{"line":30,"column":36}},"14":{"start":{"line":33,"column":8},"end":{"line":36,"column":9}},"15":{"start":{"line":34,"column":12},"end":{"line":34,"column":69}},"16":{"start":{"line":35,"column":12},"end":{"line":35,"column":40}},"17":{"start":{"line":38,"column":8},"end":{"line":41,"column":9}},"18":{"start":{"line":39,"column":12},"end":{"line":39,"column":69}},"19":{"start":{"line":40,"column":12},"end":{"line":40,"column":40}},"20":{"start":{"line":43,"column":8},"end":{"line":43,"column":52}},"21":{"start":{"line":45,"column":8},"end":{"line":50,"column":9}},"22":{"start":{"line":46,"column":27},"end":{"line":46,"column":64}},"23":{"start":{"line":47,"column":12},"end":{"line":47,"column":31}},"24":{"start":{"line":49,"column":12},"end":{"line":49,"column":54}},"25":{"start":{"line":53,"column":0},"end":{"line":69,"column":1}},"26":{"start":{"line":54,"column":18},"end":{"line":61,"column":9}},"27":{"start":{"line":63,"column":4},"end":{"line":68,"column":5}},"28":{"start":{"line":64,"column":23},"end":{"line":64,"column":59}},"29":{"start":{"line":65,"column":8},"end":{"line":65,"column":27}},"30":{"start":{"line":67,"column":8},"end":{"line":67,"column":49}},"31":{"start":{"line":71,"column":0},"end":{"line":116,"column":1}},"32":{"start":{"line":73,"column":34},"end":{"line":73,"column":44}},"33":{"start":{"line":74,"column":19},"end":{"line":74,"column":39}},"34":{"start":{"line":75,"column":4},"end":{"line":115,"column":5}},"35":{"start":{"line":77,"column":8},"end":{"line":77,"column":36}},"36":{"start":{"line":79,"column":8},"end":{"line":88,"column":9}},"37":{"start":{"line":80,"column":39},"end":{"line":80,"column":122}},"38":{"start":{"line":81,"column":40},"end":{"line":81,"column":58}},"39":{"start":{"line":82,"column":40},"end":{"line":82,"column":99}},"40":{"start":{"line":84,"column":12},"end":{"line":87,"column":13}},"41":{"start":{"line":85,"column":16},"end":{"line":85,"column":47}},"42":{"start":{"line":86,"column":16},"end":{"line":86,"column":23}},"43":{"start":{"line":90,"column":8},"end":{"line":107,"column":9}},"44":{"start":{"line":91,"column":42},"end":{"line":91,"column":94}},"45":{"start":{"line":92,"column":12},"end":{"line":92,"column":67}},"46":{"start":{"line":95,"column":12},"end":{"line":105,"column":13}},"47":{"start":{"line":96,"column":44},"end":{"line":96,"column":129}},"48":{"start":{"line":97,"column":16},"end":{"line":97,"column":68}},"49":{"start":{"line":99,"column":44},"end":{"line":99,"column":101}},"50":{"start":{"line":100,"column":39},"end":{"line":100,"column":90}},"51":{"start":{"line":102,"column":51},"end":{"line":102,"column":123}},"52":{"start":{"line":103,"column":52},"end":{"line":103,"column":99}},"53":{"start":{"line":104,"column":16},"end":{"line":104,"column":92}},"54":{"start":{"line":108,"column":8},"end":{"line":108,"column":37}},"55":{"start":{"line":111,"column":8},"end":{"line":111,"column":39}},"56":{"start":{"line":112,"column":8},"end":{"line":112,"column":65}},"57":{"start":{"line":114,"column":8},"end":{"line":114,"column":25}},"58":{"start":{"line":118,"column":0},"end":{"line":157,"column":1}},"59":{"start":{"line":120,"column":19},"end":{"line":120,"column":39}},"60":{"start":{"line":122,"column":4},"end":{"line":156,"column":5}},"61":{"start":{"line":123,"column":8},"end":{"line":123,"column":36}},"62":{"start":{"line":125,"column":35},"end":{"line":125,"column":97}},"63":{"start":{"line":126,"column":36},"end":{"line":126,"column":43}},"64":{"start":{"line":127,"column":36},"end":{"line":127,"column":95}},"65":{"start":{"line":128,"column":26},"end":{"line":128,"column":64}},"66":{"start":{"line":130,"column":8},"end":{"line":136,"column":9}},"67":{"start":{"line":131,"column":40},"end":{"line":131,"column":125}},"68":{"start":{"line":132,"column":12},"end":{"line":132,"column":75}},"69":{"start":{"line":134,"column":45},"end":{"line":134,"column":161}},"70":{"start":{"line":135,"column":12},"end":{"line":135,"column":91}},"71":{"start":{"line":138,"column":8},"end":{"line":138,"column":37}},"72":{"start":{"line":140,"column":22},"end":{"line":146,"column":9}},"73":{"start":{"line":148,"column":23},"end":{"line":148,"column":59}},"74":{"start":{"line":149,"column":8},"end":{"line":149,"column":27}},"75":{"start":{"line":152,"column":8},"end":{"line":152,"column":39}},"76":{"start":{"line":153,"column":8},"end":{"line":153,"column":66}},"77":{"start":{"line":155,"column":8},"end":{"line":155,"column":25}},"78":{"start":{"line":159,"column":0},"end":{"line":186,"column":1}},"79":{"start":{"line":161,"column":19},"end":{"line":161,"column":39}},"80":{"start":{"line":163,"column":4},"end":{"line":185,"column":5}},"81":{"start":{"line":164,"column":8},"end":{"line":164,"column":36}},"82":{"start":{"line":166,"column":43},"end":{"line":166,"column":95}},"83":{"start":{"line":167,"column":8},"end":{"line":167,"column":68}},"84":{"start":{"line":169,"column":36},"end":{"line":169,"column":147}},"85":{"start":{"line":170,"column":8},"end":{"line":170,"column":61}},"86":{"start":{"line":172,"column":41},"end":{"line":172,"column":91}},"87":{"start":{"line":173,"column":8},"end":{"line":173,"column":66}},"88":{"start":{"line":175,"column":35},"end":{"line":175,"column":78}},"89":{"start":{"line":176,"column":8},"end":{"line":176,"column":60}},"90":{"start":{"line":178,"column":8},"end":{"line":178,"column":37}},"91":{"start":{"line":181,"column":8},"end":{"line":181,"column":39}},"92":{"start":{"line":182,"column":8},"end":{"line":182,"column":73}},"93":{"start":{"line":184,"column":8},"end":{"line":184,"column":25}}},"fnMap":{"0":{"name":"(anonymous_0)","decl":{"start":{"line":3,"column":24},"end":{"line":3,"column":25}},"loc":{"start":{"line":3,"column":43},"end":{"line":51,"column":1}},"line":3},"1":{"name":"(anonymous_1)","decl":{"start":{"line":53,"column":25},"end":{"line":53,"column":26}},"loc":{"start":{"line":53,"column":46},"end":{"line":69,"column":1}},"line":53},"2":{"name":"(anonymous_2)","decl":{"start":{"line":71,"column":24},"end":{"line":71,"column":25}},"loc":{"start":{"line":71,"column":57},"end":{"line":116,"column":1}},"line":71},"3":{"name":"(anonymous_3)","decl":{"start":{"line":118,"column":24},"end":{"line":118,"column":25}},"loc":{"start":{"line":118,"column":51},"end":{"line":157,"column":1}},"line":118},"4":{"name":"(anonymous_4)","decl":{"start":{"line":159,"column":24},"end":{"line":159,"column":25}},"loc":{"start":{"line":159,"column":45},"end":{"line":186,"column":1}},"line":159}},"branchMap":{"0":{"loc":{"start":{"line":18,"column":8},"end":{"line":21,"column":9}},"type":"if","locations":[{"start":{"line":18,"column":8},"end":{"line":21,"column":9}},{"start":{},"end":{}}],"line":18},"1":{"loc":{"start":{"line":23,"column":8},"end":{"line":26,"column":9}},"type":"if","locations":[{"start":{"line":23,"column":8},"end":{"line":26,"column":9}},{"start":{},"end":{}}],"line":23},"2":{"loc":{"start":{"line":28,"column":8},"end":{"line":31,"column":9}},"type":"if","locations":[{"start":{"line":28,"column":8},"end":{"line":31,"column":9}},{"start":{},"end":{}}],"line":28},"3":{"loc":{"start":{"line":33,"column":8},"end":{"line":36,"column":9}},"type":"if","locations":[{"start":{"line":33,"column":8},"end":{"line":36,"column":9}},{"start":{},"end":{}}],"line":33},"4":{"loc":{"start":{"line":38,"column":8},"end":{"line":41,"column":9}},"type":"if","locations":[{"start":{"line":38,"column":8},"end":{"line":41,"column":9}},{"start":{},"end":{}}],"line":38},"5":{"loc":{"start":{"line":79,"column":8},"end":{"line":88,"column":9}},"type":"if","locations":[{"start":{"line":79,"column":8},"end":{"line":88,"column":9}},{"start":{},"end":{}}],"line":79},"6":{"loc":{"start":{"line":84,"column":12},"end":{"line":87,"column":13}},"type":"if","locations":[{"start":{"line":84,"column":12},"end":{"line":87,"column":13}},{"start":{},"end":{}}],"line":84},"7":{"loc":{"start":{"line":90,"column":8},"end":{"line":107,"column":9}},"type":"if","locations":[{"start":{"line":90,"column":8},"end":{"line":107,"column":9}},{"start":{},"end":{}}],"line":90}},"s":{"0":8,"1":8,"2":0,"3":0,"4":0,"5":0,"6":0,"7":0,"8":0,"9":0,"10":0,"11":0,"12":0,"13":0,"14":0,"15":0,"16":0,"17":0,"18":0,"19":0,"20":0,"21":0,"22":0,"23":0,"24":0,"25":8,"26":0,"27":0,"28":0,"29":0,"30":0,"31":8,"32":0,"33":0,"34":0,"35":0,"36":0,"37":0,"38":0,"39":0,"40":0,"41":0,"42":0,"43":0,"44":0,"45":0,"46":0,"47":0,"48":0,"49":0,"50":0,"51":0,"52":0,"53":0,"54":0,"55":0,"56":0,"57":0,"58":8,"59":0,"60":0,"61":0,"62":0,"63":0,"64":0,"65":0,"66":0,"67":0,"68":0,"69":0,"70":0,"71":0,"72":0,"73":0,"74":0,"75":0,"76":0,"77":0,"78":8,"79":0,"80":0,"81":0,"82":0,"83":0,"84":0,"85":0,"86":0,"87":0,"88":0,"89":0,"90":0,"91":0,"92":0,"93":0},"f":{"0":0,"1":0,"2":0,"3":0,"4":0},"b":{"0":[0,0],"1":[0,0],"2":[0,0],"3":[0,0],"4":[0,0],"5":[0,0],"6":[0,0],"7":[0,0]},"_coverageSchema":"1a1c01bbd47fc00a2c39e90264f33305004495a9","hash":"01fbd7aeb774c562c736aaaa5765e324e6f751ec"}
,"C:\\Users\\LangTecnologia\\Documents\\node\\final project\\clothingStore\\repositories\\userRepository.js": {"path":"C:\\Users\\LangTecnologia\\Documents\\node\\final project\\clothingStore\\repositories\\userRepository.js","statementMap":{"0":{"start":{"line":1,"column":13},"end":{"line":1,"column":38}},"1":{"start":{"line":3,"column":0},"end":{"line":19,"column":1}},"2":{"start":{"line":4,"column":16},"end":{"line":4,"column":62}},"3":{"start":{"line":5,"column":19},"end":{"line":5,"column":21}},"4":{"start":{"line":7,"column":4},"end":{"line":10,"column":5}},"5":{"start":{"line":8,"column":8},"end":{"line":8,"column":36}},"6":{"start":{"line":9,"column":8},"end":{"line":9,"column":26}},"7":{"start":{"line":12,"column":4},"end":{"line":18,"column":5}},"8":{"start":{"line":13,"column":23},"end":{"line":13,"column":54}},"9":{"start":{"line":15,"column":8},"end":{"line":15,"column":27}},"10":{"start":{"line":17,"column":8},"end":{"line":17,"column":48}},"11":{"start":{"line":21,"column":0},"end":{"line":31,"column":1}},"12":{"start":{"line":22,"column":18},"end":{"line":22,"column":83}},"13":{"start":{"line":23,"column":19},"end":{"line":23,"column":27}},"14":{"start":{"line":25,"column":4},"end":{"line":30,"column":5}},"15":{"start":{"line":26,"column":23},"end":{"line":26,"column":54}},"16":{"start":{"line":27,"column":8},"end":{"line":27,"column":30}},"17":{"start":{"line":29,"column":8},"end":{"line":29,"column":47}},"18":{"start":{"line":33,"column":0},"end":{"line":43,"column":1}},"19":{"start":{"line":35,"column":28},"end":{"line":35,"column":91}},"20":{"start":{"line":37,"column":4},"end":{"line":42,"column":5}},"21":{"start":{"line":38,"column":23},"end":{"line":38,"column":65}},"22":{"start":{"line":39,"column":8},"end":{"line":39,"column":30}},"23":{"start":{"line":41,"column":8},"end":{"line":41,"column":47}},"24":{"start":{"line":45,"column":0},"end":{"line":56,"column":1}},"25":{"start":{"line":47,"column":18},"end":{"line":47,"column":99}},"26":{"start":{"line":48,"column":19},"end":{"line":48,"column":36}},"27":{"start":{"line":50,"column":4},"end":{"line":55,"column":5}},"28":{"start":{"line":51,"column":23},"end":{"line":51,"column":54}},"29":{"start":{"line":52,"column":8},"end":{"line":52,"column":30}},"30":{"start":{"line":54,"column":8},"end":{"line":54,"column":47}},"31":{"start":{"line":58,"column":0},"end":{"line":89,"column":1}},"32":{"start":{"line":60,"column":16},"end":{"line":60,"column":34}},"33":{"start":{"line":62,"column":19},"end":{"line":62,"column":21}},"34":{"start":{"line":63,"column":20},"end":{"line":63,"column":22}},"35":{"start":{"line":65,"column":4},"end":{"line":68,"column":5}},"36":{"start":{"line":66,"column":8},"end":{"line":66,"column":53}},"37":{"start":{"line":67,"column":8},"end":{"line":67,"column":26}},"38":{"start":{"line":70,"column":4},"end":{"line":73,"column":5}},"39":{"start":{"line":71,"column":8},"end":{"line":71,"column":54}},"40":{"start":{"line":72,"column":8},"end":{"line":72,"column":27}},"41":{"start":{"line":75,"column":4},"end":{"line":78,"column":5}},"42":{"start":{"line":76,"column":8},"end":{"line":76,"column":57}},"43":{"start":{"line":77,"column":8},"end":{"line":77,"column":30}},"44":{"start":{"line":80,"column":4},"end":{"line":80,"column":81}},"45":{"start":{"line":81,"column":4},"end":{"line":81,"column":24}},"46":{"start":{"line":83,"column":4},"end":{"line":88,"column":5}},"47":{"start":{"line":84,"column":23},"end":{"line":84,"column":54}},"48":{"start":{"line":85,"column":8},"end":{"line":85,"column":31}},"49":{"start":{"line":87,"column":8},"end":{"line":87,"column":47}},"50":{"start":{"line":91,"column":0},"end":{"line":100,"column":1}},"51":{"start":{"line":92,"column":24},"end":{"line":92,"column":146}},"52":{"start":{"line":93,"column":25},"end":{"line":93,"column":54}},"53":{"start":{"line":94,"column":4},"end":{"line":99,"column":5}},"54":{"start":{"line":95,"column":23},"end":{"line":95,"column":66}},"55":{"start":{"line":96,"column":8},"end":{"line":96,"column":30}},"56":{"start":{"line":98,"column":8},"end":{"line":98,"column":47}},"57":{"start":{"line":102,"column":0},"end":{"line":111,"column":1}},"58":{"start":{"line":103,"column":24},"end":{"line":103,"column":62}},"59":{"start":{"line":104,"column":25},"end":{"line":104,"column":33}},"60":{"start":{"line":106,"column":4},"end":{"line":110,"column":5}},"61":{"start":{"line":107,"column":8},"end":{"line":107,"column":52}},"62":{"start":{"line":109,"column":8},"end":{"line":109,"column":47}}},"fnMap":{"0":{"name":"(anonymous_0)","decl":{"start":{"line":3,"column":24},"end":{"line":3,"column":25}},"loc":{"start":{"line":3,"column":40},"end":{"line":19,"column":1}},"line":3},"1":{"name":"(anonymous_1)","decl":{"start":{"line":21,"column":25},"end":{"line":21,"column":26}},"loc":{"start":{"line":21,"column":43},"end":{"line":31,"column":1}},"line":21},"2":{"name":"(anonymous_2)","decl":{"start":{"line":33,"column":28},"end":{"line":33,"column":29}},"loc":{"start":{"line":33,"column":45},"end":{"line":43,"column":1}},"line":33},"3":{"name":"(anonymous_3)","decl":{"start":{"line":45,"column":39},"end":{"line":45,"column":40}},"loc":{"start":{"line":45,"column":66},"end":{"line":56,"column":1}},"line":45},"4":{"name":"(anonymous_4)","decl":{"start":{"line":58,"column":28},"end":{"line":58,"column":29}},"loc":{"start":{"line":58,"column":69},"end":{"line":89,"column":1}},"line":58},"5":{"name":"(anonymous_5)","decl":{"start":{"line":91,"column":28},"end":{"line":91,"column":29}},"loc":{"start":{"line":91,"column":67},"end":{"line":100,"column":1}},"line":91},"6":{"name":"(anonymous_6)","decl":{"start":{"line":102,"column":28},"end":{"line":102,"column":29}},"loc":{"start":{"line":102,"column":46},"end":{"line":111,"column":1}},"line":102}},"branchMap":{"0":{"loc":{"start":{"line":7,"column":4},"end":{"line":10,"column":5}},"type":"if","locations":[{"start":{"line":7,"column":4},"end":{"line":10,"column":5}},{"start":{},"end":{}}],"line":7},"1":{"loc":{"start":{"line":65,"column":4},"end":{"line":68,"column":5}},"type":"if","locations":[{"start":{"line":65,"column":4},"end":{"line":68,"column":5}},{"start":{},"end":{}}],"line":65},"2":{"loc":{"start":{"line":70,"column":4},"end":{"line":73,"column":5}},"type":"if","locations":[{"start":{"line":70,"column":4},"end":{"line":73,"column":5}},{"start":{},"end":{}}],"line":70},"3":{"loc":{"start":{"line":75,"column":4},"end":{"line":78,"column":5}},"type":"if","locations":[{"start":{"line":75,"column":4},"end":{"line":78,"column":5}},{"start":{},"end":{}}],"line":75}},"s":{"0":11,"1":11,"2":0,"3":0,"4":0,"5":0,"6":0,"7":0,"8":0,"9":0,"10":0,"11":11,"12":0,"13":0,"14":0,"15":0,"16":0,"17":0,"18":11,"19":0,"20":0,"21":0,"22":0,"23":0,"24":11,"25":0,"26":0,"27":0,"28":0,"29":0,"30":0,"31":11,"32":0,"33":0,"34":0,"35":0,"36":0,"37":0,"38":0,"39":0,"40":0,"41":0,"42":0,"43":0,"44":0,"45":0,"46":0,"47":0,"48":0,"49":0,"50":11,"51":0,"52":0,"53":0,"54":0,"55":0,"56":0,"57":11,"58":0,"59":0,"60":0,"61":0,"62":0},"f":{"0":0,"1":0,"2":0,"3":0,"4":0,"5":0,"6":0},"b":{"0":[0,0],"1":[0,0],"2":[0,0],"3":[0,0]},"_coverageSchema":"1a1c01bbd47fc00a2c39e90264f33305004495a9","hash":"1505bb7797faf4f05a38a4f60db6ebb9bf63fbcc"}
}
