TN:
SF:controllers\cartController.js
FN:4,(anonymous_0)
FN:28,(anonymous_1)
FN:53,(anonymous_2)
FN:76,(anonymous_3)
FN:94,(anonymous_4)
FNF:5
FNH:5
FNDA:4,(anonymous_0)
FNDA:3,(anonymous_1)
FNDA:3,(anonymous_2)
FNDA:3,(anonymous_3)
FNDA:3,(anonymous_4)
DA:1,5
DA:2,5
DA:4,5
DA:5,4
DA:6,4
DA:8,4
DA:9,1
DA:10,1
DA:13,3
DA:14,2
DA:15,1
DA:16,1
DA:19,1
DA:21,1
DA:23,1
DA:24,1
DA:28,5
DA:29,3
DA:30,3
DA:31,3
DA:33,3
DA:35,2
DA:36,1
DA:37,1
DA:40,1
DA:41,1
DA:43,1
DA:45,1
DA:46,1
DA:48,1
DA:49,1
DA:53,5
DA:54,3
DA:55,3
DA:56,3
DA:58,2
DA:59,1
DA:60,1
DA:63,1
DA:65,1
DA:71,1
DA:72,1
DA:76,5
DA:77,3
DA:78,3
DA:79,3
DA:81,2
DA:82,1
DA:83,1
DA:85,1
DA:87,1
DA:89,1
DA:90,1
DA:94,5
DA:95,3
DA:96,3
DA:97,3
DA:99,2
DA:100,1
DA:101,1
DA:104,1
DA:106,1
DA:108,1
DA:109,1
LF:64
LH:64
BRDA:8,0,0,1
BRDA:8,0,1,3
BRDA:8,1,0,4
BRDA:8,1,1,1
BRDA:14,2,0,1
BRDA:14,2,1,1
BRDA:35,3,0,1
BRDA:35,3,1,1
BRDA:58,4,0,1
BRDA:58,4,1,1
BRDA:81,5,0,1
BRDA:81,5,1,1
BRDA:99,6,0,1
BRDA:99,6,1,1
BRF:14
BRH:14
end_of_record
TN:
SF:controllers\categoryController.js
FN:3,(anonymous_0)
FN:13,(anonymous_1)
FN:29,(anonymous_2)
FN:57,(anonymous_3)
FNF:4
FNH:4
FNDA:2,(anonymous_0)
FNDA:3,(anonymous_1)
FNDA:5,(anonymous_2)
FNDA:4,(anonymous_3)
DA:1,4
DA:3,4
DA:4,2
DA:5,2
DA:6,1
DA:8,1
DA:9,1
DA:13,4
DA:14,3
DA:15,3
DA:16,3
DA:18,2
DA:19,1
DA:20,1
DA:22,1
DA:24,1
DA:25,1
DA:29,4
DA:30,5
DA:32,5
DA:33,1
DA:34,1
DA:37,4
DA:38,4
DA:39,1
DA:40,1
DA:43,3
DA:44,3
DA:45,1
DA:46,1
DA:49,2
DA:50,1
DA:52,1
DA:53,1
DA:57,4
DA:58,4
DA:59,4
DA:60,1
DA:61,1
DA:64,3
DA:65,3
DA:67,3
DA:68,1
DA:69,1
DA:72,2
DA:73,1
DA:75,1
DA:76,1
LF:48
LH:48
BRDA:18,0,0,1
BRDA:18,0,1,1
BRDA:32,1,0,1
BRDA:32,1,1,4
BRDA:38,2,0,1
BRDA:38,2,1,3
BRDA:44,3,0,1
BRDA:44,3,1,2
BRDA:59,4,0,1
BRDA:59,4,1,3
BRDA:67,5,0,1
BRDA:67,5,1,2
BRF:12
BRH:12
end_of_record
TN:
SF:controllers\productController.js
FN:4,(anonymous_0)
FN:16,(anonymous_1)
FN:33,(anonymous_2)
FN:60,(anonymous_3)
FN:83,(anonymous_4)
FN:108,(anonymous_5)
FN:136,(anonymous_6)
FN:164,(anonymous_7)
FN:171,(anonymous_8)
FNF:9
FNH:9
FNDA:2,(anonymous_0)
FNDA:3,(anonymous_1)
FNDA:4,(anonymous_2)
FNDA:4,(anonymous_3)
FNDA:4,(anonymous_4)
FNDA:4,(anonymous_5)
FNDA:4,(anonymous_6)
FNDA:10,(anonymous_7)
FNDA:13,(anonymous_8)
DA:1,8
DA:2,8
DA:4,8
DA:5,2
DA:7,2
DA:9,1
DA:11,1
DA:12,1
DA:16,8
DA:17,3
DA:18,3
DA:20,3
DA:22,2
DA:23,1
DA:25,1
DA:28,1
DA:29,1
DA:33,8
DA:34,4
DA:36,4
DA:37,1
DA:38,1
DA:41,3
DA:43,3
DA:45,2
DA:46,1
DA:47,1
DA:50,1
DA:52,1
DA:55,1
DA:56,1
DA:60,8
DA:61,4
DA:63,4
DA:64,1
DA:65,1
DA:68,3
DA:70,3
DA:71,1
DA:72,1
DA:74,2
DA:75,1
DA:78,1
DA:79,1
DA:83,8
DA:84,4
DA:86,4
DA:87,1
DA:88,1
DA:91,3
DA:93,3
DA:95,2
DA:96,1
DA:97,1
DA:100,1
DA:101,1
DA:103,1
DA:104,1
DA:108,8
DA:109,4
DA:111,4
DA:112,1
DA:113,1
DA:116,3
DA:117,3
DA:119,3
DA:120,2
DA:121,1
DA:122,1
DA:125,1
DA:126,1
DA:128,1
DA:131,1
DA:132,1
DA:136,8
DA:137,4
DA:139,4
DA:140,1
DA:141,1
DA:144,3
DA:145,3
DA:146,3
DA:148,3
DA:150,2
DA:151,1
DA:152,1
DA:155,1
DA:156,1
DA:159,1
DA:160,1
DA:164,8
DA:165,10
DA:167,10
DA:168,2
DA:171,10
DA:172,13
DA:174,13
DA:175,2
DA:177,11
DA:185,13
DA:186,11
DA:189,13
DA:190,3
DA:191,3
DA:193,3
DA:195,13
DA:198,10
LF:107
LH:107
BRDA:22,0,0,1
BRDA:22,0,1,1
BRDA:36,1,0,1
BRDA:36,1,1,3
BRDA:45,2,0,1
BRDA:45,2,1,1
BRDA:63,3,0,1
BRDA:63,3,1,3
BRDA:70,4,0,1
BRDA:70,4,1,2
BRDA:70,5,0,3
BRDA:70,5,1,3
BRDA:70,5,2,3
BRDA:70,5,3,2
BRDA:86,6,0,1
BRDA:86,6,1,3
BRDA:95,7,0,1
BRDA:95,7,1,1
BRDA:111,8,0,1
BRDA:111,8,1,3
BRDA:120,9,0,1
BRDA:120,9,1,1
BRDA:139,10,0,1
BRDA:139,10,1,3
BRDA:150,11,0,1
BRDA:150,11,1,1
BRDA:167,12,0,2
BRDA:167,12,1,8
BRDA:174,13,0,2
BRDA:174,13,1,11
BRDA:185,14,0,11
BRDA:185,14,1,2
BRDA:189,15,0,3
BRDA:189,15,1,10
BRDA:190,16,0,3
BRDA:190,16,1,0
BRF:36
BRH:35
end_of_record
TN:
SF:controllers\userController.js
FN:6,(anonymous_0)
FN:23,(anonymous_1)
FN:46,(anonymous_2)
FN:76,(anonymous_3)
FN:106,(anonymous_4)
FN:139,(anonymous_5)
FNF:6
FNH:6
FNDA:3,(anonymous_0)
FNDA:5,(anonymous_1)
FNDA:6,(anonymous_2)
FNDA:5,(anonymous_3)
FNDA:4,(anonymous_4)
FNDA:5,(anonymous_5)
DA:2,6
DA:3,6
DA:4,6
DA:6,6
DA:7,3
DA:9,3
DA:10,1
DA:11,1
DA:14,2
DA:16,1
DA:18,1
DA:19,1
DA:23,6
DA:24,5
DA:26,5
DA:28,5
DA:29,1
DA:30,1
DA:33,4
DA:35,3
DA:36,1
DA:38,2
DA:41,1
DA:42,1
DA:46,6
DA:47,6
DA:48,6
DA:50,6
DA:51,1
DA:52,1
DA:55,5
DA:57,5
DA:58,1
DA:59,1
DA:62,4
DA:64,3
DA:65,1
DA:67,2
DA:71,1
DA:72,1
DA:76,6
DA:77,5
DA:78,5
DA:80,5
DA:81,1
DA:82,1
DA:85,4
DA:86,1
DA:87,1
DA:90,3
DA:92,2
DA:93,1
DA:94,1
DA:97,1
DA:99,1
DA:101,1
DA:102,1
DA:106,6
DA:107,4
DA:108,4
DA:110,4
DA:111,1
DA:112,1
DA:115,3
DA:117,2
DA:118,1
DA:119,1
DA:122,1
DA:130,1
DA:132,1
DA:134,1
DA:135,1
DA:139,6
DA:140,5
DA:141,5
DA:143,5
DA:144,1
DA:145,1
DA:148,4
DA:150,3
DA:151,1
DA:152,1
DA:155,2
DA:157,2
DA:159,1
DA:160,1
LF:86
LH:86
BRDA:9,0,0,1
BRDA:9,0,1,2
BRDA:28,1,0,1
BRDA:28,1,1,4
BRDA:28,2,0,5
BRDA:28,2,1,2
BRDA:35,3,0,1
BRDA:35,3,1,2
BRDA:50,4,0,1
BRDA:50,4,1,5
BRDA:50,5,0,6
BRDA:50,5,1,2
BRDA:57,6,0,1
BRDA:57,6,1,4
BRDA:57,7,0,5
BRDA:57,7,1,1
BRDA:57,7,2,1
BRDA:64,8,0,1
BRDA:64,8,1,2
BRDA:80,9,0,1
BRDA:80,9,1,4
BRDA:80,10,0,5
BRDA:80,10,1,4
BRDA:80,10,2,4
BRDA:80,10,3,4
BRDA:85,11,0,1
BRDA:85,11,1,3
BRDA:85,12,0,4
BRDA:85,12,1,4
BRDA:92,13,0,1
BRDA:92,13,1,1
BRDA:110,14,0,1
BRDA:110,14,1,3
BRDA:110,15,0,4
BRDA:110,15,1,3
BRDA:110,15,2,3
BRDA:110,15,3,3
BRDA:117,16,0,1
BRDA:117,16,1,1
BRDA:143,17,0,1
BRDA:143,17,1,4
BRDA:143,18,0,5
BRDA:143,18,1,2
BRDA:150,19,0,1
BRDA:150,19,1,2
BRF:45
BRH:45
end_of_record
TN:
SF:repositories\cartRepository.js
FN:3,(anonymous_0)
FN:15,(anonymous_1)
FN:31,(anonymous_2)
FN:65,(anonymous_3)
FN:79,(anonymous_4)
FN:107,(anonymous_5)
FN:133,(anonymous_6)
FN:160,(anonymous_7)
FN:183,(anonymous_8)
FN:193,(anonymous_9)
FNF:10
FNH:0
FNDA:0,(anonymous_0)
FNDA:0,(anonymous_1)
FNDA:0,(anonymous_2)
FNDA:0,(anonymous_3)
FNDA:0,(anonymous_4)
FNDA:0,(anonymous_5)
FNDA:0,(anonymous_6)
FNDA:0,(anonymous_7)
FNDA:0,(anonymous_8)
FNDA:0,(anonymous_9)
DA:1,5
DA:3,5
DA:5,0
DA:6,0
DA:7,0
DA:8,0
DA:9,0
DA:11,0
DA:15,5
DA:16,0
DA:17,0
DA:19,0
DA:20,0
DA:21,0
DA:23,0
DA:24,0
DA:25,0
DA:27,0
DA:31,5
DA:33,0
DA:35,0
DA:36,0
DA:38,0
DA:39,0
DA:40,0
DA:42,0
DA:44,0
DA:45,0
DA:46,0
DA:49,0
DA:50,0
DA:51,0
DA:54,0
DA:57,0
DA:59,0
DA:61,0
DA:65,5
DA:66,0
DA:67,0
DA:68,0
DA:70,0
DA:71,0
DA:73,0
DA:75,0
DA:79,5
DA:81,0
DA:82,0
DA:83,0
DA:85,0
DA:87,0
DA:88,0
DA:90,0
DA:92,0
DA:93,0
DA:95,0
DA:98,0
DA:100,0
DA:101,0
DA:103,0
DA:107,5
DA:109,0
DA:118,0
DA:119,0
DA:121,0
DA:122,0
DA:125,0
DA:131,0
DA:133,0
DA:134,0
DA:136,0
DA:137,0
DA:144,0
DA:145,0
DA:146,0
DA:149,0
DA:152,0
DA:154,0
DA:156,0
DA:160,5
DA:162,0
DA:163,0
DA:165,0
DA:167,0
DA:168,0
DA:170,0
DA:172,0
DA:174,0
DA:176,0
DA:177,0
DA:179,0
DA:183,5
DA:184,0
DA:186,0
DA:187,0
DA:189,0
DA:190,0
DA:191,0
DA:193,0
DA:194,0
DA:197,0
DA:199,0
DA:201,0
DA:202,0
DA:204,0
LF:104
LH:9
BRDA:19,0,0,0
BRDA:19,0,1,0
BRDA:44,1,0,0
BRDA:44,1,1,0
BRDA:49,2,0,0
BRDA:49,2,1,0
BRDA:70,3,0,0
BRDA:70,3,1,0
BRDA:92,4,0,0
BRDA:92,4,1,0
BRDA:121,5,0,0
BRDA:121,5,1,0
BRDA:136,6,0,0
BRDA:136,6,1,0
BRDA:145,7,0,0
BRDA:145,7,1,0
BRF:16
BRH:0
end_of_record
TN:
SF:repositories\categoryRepository.js
FN:3,(anonymous_0)
FN:13,(anonymous_1)
FN:23,(anonymous_2)
FN:33,(anonymous_3)
FN:43,(anonymous_4)
FNF:5
FNH:0
FNDA:0,(anonymous_0)
FNDA:0,(anonymous_1)
FNDA:0,(anonymous_2)
FNDA:0,(anonymous_3)
FNDA:0,(anonymous_4)
DA:1,4
DA:3,4
DA:4,0
DA:5,0
DA:6,0
DA:7,0
DA:9,0
DA:13,4
DA:14,0
DA:15,0
DA:16,0
DA:17,0
DA:19,0
DA:23,4
DA:24,0
DA:25,0
DA:26,0
DA:27,0
DA:29,0
DA:33,4
DA:34,0
DA:35,0
DA:36,0
DA:37,0
DA:39,0
DA:43,4
DA:44,0
DA:45,0
DA:46,0
DA:48,0
DA:49,0
DA:51,0
DA:52,0
DA:54,0
DA:56,0
DA:57,0
DA:59,0
LF:37
LH:6
BRF:0
BRH:0
end_of_record
TN:
SF:repositories\productOptionRepository.js
FN:3,(anonymous_0)
FN:43,(anonymous_1)
FNF:2
FNH:0
FNDA:0,(anonymous_0)
FNDA:0,(anonymous_1)
DA:1,8
DA:3,8
DA:5,0
DA:7,0
DA:8,0
DA:10,0
DA:12,0
DA:14,0
DA:16,0
DA:17,0
DA:19,0
DA:20,0
DA:21,0
DA:24,0
DA:25,0
DA:27,0
DA:28,0
DA:33,0
DA:36,0
DA:37,0
DA:39,0
DA:43,8
DA:45,0
DA:46,0
DA:47,0
DA:49,0
DA:50,0
DA:51,0
DA:53,0
DA:54,0
DA:55,0
DA:58,0
DA:59,0
DA:62,0
DA:65,0
DA:66,0
DA:68,0
LF:37
LH:3
BRDA:19,0,0,0
BRDA:19,0,1,0
BRDA:49,1,0,0
BRDA:49,1,1,0
BRDA:53,2,0,0
BRDA:53,2,1,0
BRF:6
BRH:0
end_of_record
TN:
SF:repositories\productRepository.js
FN:3,(anonymous_0)
FN:53,(anonymous_1)
FN:71,(anonymous_2)
FN:118,(anonymous_3)
FN:159,(anonymous_4)
FNF:5
FNH:0
FNDA:0,(anonymous_0)
FNDA:0,(anonymous_1)
FNDA:0,(anonymous_2)
FNDA:0,(anonymous_3)
FNDA:0,(anonymous_4)
DA:1,8
DA:3,8
DA:5,0
DA:7,0
DA:16,0
DA:18,0
DA:19,0
DA:20,0
DA:23,0
DA:24,0
DA:25,0
DA:28,0
DA:29,0
DA:30,0
DA:33,0
DA:34,0
DA:35,0
DA:38,0
DA:39,0
DA:40,0
DA:43,0
DA:45,0
DA:46,0
DA:47,0
DA:49,0
DA:53,8
DA:54,0
DA:63,0
DA:64,0
DA:65,0
DA:67,0
DA:71,8
DA:73,0
DA:74,0
DA:75,0
DA:77,0
DA:79,0
DA:80,0
DA:81,0
DA:82,0
DA:84,0
DA:85,0
DA:86,0
DA:90,0
DA:91,0
DA:92,0
DA:95,0
DA:96,0
DA:97,0
DA:99,0
DA:100,0
DA:102,0
DA:103,0
DA:104,0
DA:108,0
DA:111,0
DA:112,0
DA:114,0
DA:118,8
DA:120,0
DA:122,0
DA:123,0
DA:125,0
DA:126,0
DA:127,0
DA:128,0
DA:130,0
DA:131,0
DA:132,0
DA:134,0
DA:135,0
DA:138,0
DA:140,0
DA:148,0
DA:149,0
DA:152,0
DA:153,0
DA:155,0
DA:159,8
DA:161,0
DA:163,0
DA:164,0
DA:166,0
DA:167,0
DA:169,0
DA:170,0
DA:172,0
DA:173,0
DA:175,0
DA:176,0
DA:178,0
DA:181,0
DA:182,0
DA:184,0
LF:94
LH:6
BRDA:18,0,0,0
BRDA:18,0,1,0
BRDA:23,1,0,0
BRDA:23,1,1,0
BRDA:28,2,0,0
BRDA:28,2,1,0
BRDA:33,3,0,0
BRDA:33,3,1,0
BRDA:38,4,0,0
BRDA:38,4,1,0
BRDA:79,5,0,0
BRDA:79,5,1,0
BRDA:84,6,0,0
BRDA:84,6,1,0
BRDA:90,7,0,0
BRDA:90,7,1,0
BRF:16
BRH:0
end_of_record
TN:
SF:repositories\userRepository.js
FN:3,(anonymous_0)
FN:21,(anonymous_1)
FN:33,(anonymous_2)
FN:45,(anonymous_3)
FN:58,(anonymous_4)
FN:91,(anonymous_5)
FN:102,(anonymous_6)
FNF:7
FNH:0
FNDA:0,(anonymous_0)
FNDA:0,(anonymous_1)
FNDA:0,(anonymous_2)
FNDA:0,(anonymous_3)
FNDA:0,(anonymous_4)
FNDA:0,(anonymous_5)
FNDA:0,(anonymous_6)
DA:1,11
DA:3,11
DA:4,0
DA:5,0
DA:7,0
DA:8,0
DA:9,0
DA:12,0
DA:13,0
DA:15,0
DA:17,0
DA:21,11
DA:22,0
DA:23,0
DA:25,0
DA:26,0
DA:27,0
DA:29,0
DA:33,11
DA:35,0
DA:37,0
DA:38,0
DA:39,0
DA:41,0
DA:45,11
DA:47,0
DA:48,0
DA:50,0
DA:51,0
DA:52,0
DA:54,0
DA:58,11
DA:60,0
DA:62,0
DA:63,0
DA:65,0
DA:66,0
DA:67,0
DA:70,0
DA:71,0
DA:72,0
DA:75,0
DA:76,0
DA:77,0
DA:80,0
DA:81,0
DA:83,0
DA:84,0
DA:85,0
DA:87,0
DA:91,11
DA:92,0
DA:93,0
DA:94,0
DA:95,0
DA:96,0
DA:98,0
DA:102,11
DA:103,0
DA:104,0
DA:106,0
DA:107,0
DA:109,0
LF:63
LH:8
BRDA:7,0,0,0
BRDA:7,0,1,0
BRDA:65,1,0,0
BRDA:65,1,1,0
BRDA:70,2,0,0
BRDA:70,2,1,0
BRDA:75,3,0,0
BRDA:75,3,1,0
BRF:8
BRH:0
end_of_record
